#
# There is insufficient memory for the Java Runtime Environment to continue.
# Native memory allocation (mmap) failed to map 65536 bytes for Failed to commit metaspace.
# Possible reasons:
#   The system is out of physical RAM or swap space
#   The process is running with CompressedOops enabled, and the Java Heap may be blocking the growth of the native heap
# Possible solutions:
#   Reduce memory load on the system
#   Increase physical memory or swap space
#   Check if swap backing store is full
#   Decrease Java heap size (-Xmx/-Xms)
#   Decrease number of Java threads
#   Decrease Java thread stack sizes (-Xss)
#   Set larger code cache with -XX:ReservedCodeCacheSize=
#   JVM is running with Unscaled Compressed Oops mode in which the Java heap is
#     placed in the first 4GB address space. The Java Heap base address is the
#     maximum limit for the native heap growth. Please use -XX:HeapBaseMinAddress
#     to set the Java Heap base and to place the Java Heap above 4GB virtual address.
# This output file may be truncated or incomplete.
#
#  Out of Memory Error (virtualSpaceNode.cpp:110), pid=17076, tid=12544
#
# JRE version: OpenJDK Runtime Environment (17.0+35) (build 17+35-2724)
# Java VM: OpenJDK 64-Bit Server VM (17+35-2724, mixed mode, emulated-client, sharing, tiered, compressed oops, compressed class ptrs, g1 gc, windows-amd64)
# No core dump will be written. Minidumps are not enabled by default on client versions of Windows
#

---------------  S U M M A R Y ------------

Command Line: -Dcom.sun.management.jmxremote -Dcom.sun.management.jmxremote.port=64989 -Dcom.sun.management.jmxremote.authenticate=false -Dcom.sun.management.jmxremote.ssl=false -Djava.rmi.server.hostname=localhost -Dspring.jmx.enabled=true -Dmanagement.endpoints.jmx.exposure.include=* -Dspring.application.admin.enabled=true -XX:TieredStopAtLevel=1 -Dspring.boot.project.name=CursoCancinoSecurity -Dfile.encoding=UTF-8 -XX:+ShowCodeDetailsInExceptionMessages pe.edu.unfv.CursoCancinoSecurityApplication --spring.output.ansi.enabled=always

Host: AMD A8-4500M APU with Radeon(tm) HD Graphics   , 4 cores, 3G,  Windows 10 , 64 bit Build 19041 (10.0.19041.4717)
Time: Sat Aug 31 00:37:58 2024 Hora est. Pacífico, Sudamérica elapsed time: 10.565521 seconds (0d 0h 0m 10s)

---------------  T H R E A D  ---------------

Current thread (0x0000012eed12efa0):  JavaThread "background-preinit" [_thread_in_vm, id=12544, stack(0x0000002c95c00000,0x0000002c95d00000)]

Stack: [0x0000002c95c00000,0x0000002c95d00000]
Native frames: (J=compiled Java code, j=interpreted, Vv=VM code, C=native code)
V  [jvm.dll+0x66f8ea]
V  [jvm.dll+0x7ce224]
V  [jvm.dll+0x7cf9ce]
V  [jvm.dll+0x7d0033]
V  [jvm.dll+0x242bb5]
V  [jvm.dll+0x7ca1cb]
V  [jvm.dll+0x615a46]
V  [jvm.dll+0x615aaa]
V  [jvm.dll+0x6182ba]
V  [jvm.dll+0x6163e6]
V  [jvm.dll+0x238590]
V  [jvm.dll+0x1e885d]
V  [jvm.dll+0x1de2e1]
V  [jvm.dll+0x5375c0]
V  [jvm.dll+0x1eea87]
V  [jvm.dll+0x7489cb]
V  [jvm.dll+0x749d72]
V  [jvm.dll+0x74a0a8]
V  [jvm.dll+0x23af0e]
V  [jvm.dll+0x37aefe]
C  0x0000012ee4a49ad7

Java frames: (J=compiled Java code, j=interpreted, Vv=VM code)
j  java.lang.ThreadLocal.withInitial(Ljava/util/function/Supplier;)Ljava/lang/ThreadLocal;+0 java.base@17
j  org.apache.tomcat.util.http.CookieProcessorBase.<clinit>()V+5
v  ~StubRoutines::call_stub
j  org.springframework.boot.autoconfigure.BackgroundPreinitializer$TomcatInitializer.run()V+0
j  org.springframework.boot.autoconfigure.BackgroundPreinitializer$1.runSafely(Ljava/lang/Runnable;)Z+1
j  org.springframework.boot.autoconfigure.BackgroundPreinitializer$1.run()V+70
j  java.lang.Thread.run()V+11 java.base@17
v  ~StubRoutines::call_stub

---------------  P R O C E S S  ---------------

Threads class SMR info:
_java_thread_list=0x0000012eed2abc30, length=21, elements={
0x0000012edd242760, 0x0000012eebdad680, 0x0000012eebdaeba0, 0x0000012eebdbeb20,
0x0000012eebdbf3e0, 0x0000012eebdbfca0, 0x0000012eebdc0560, 0x0000012eebdc0ed0,
0x0000012eebdf0fa0, 0x0000012eebeab2a0, 0x0000012eec834f90, 0x0000012eecd09c70,
0x0000012eecd1a080, 0x0000012eecd0cb50, 0x0000012eecdf5460, 0x0000012eece57880,
0x0000012eece548b0, 0x0000012eece78560, 0x0000012eed12ead0, 0x0000012eed130c80,
0x0000012eed12efa0
}

Java Threads: ( => current thread )
  0x0000012edd242760 JavaThread "main" [_thread_blocked, id=17168, stack(0x0000002c93c00000,0x0000002c93d00000)]
  0x0000012eebdad680 JavaThread "Reference Handler" daemon [_thread_blocked, id=17196, stack(0x0000002c94300000,0x0000002c94400000)]
  0x0000012eebdaeba0 JavaThread "Finalizer" daemon [_thread_blocked, id=17200, stack(0x0000002c94400000,0x0000002c94500000)]
  0x0000012eebdbeb20 JavaThread "Signal Dispatcher" daemon [_thread_blocked, id=17204, stack(0x0000002c94500000,0x0000002c94600000)]
  0x0000012eebdbf3e0 JavaThread "Attach Listener" daemon [_thread_blocked, id=17208, stack(0x0000002c94600000,0x0000002c94700000)]
  0x0000012eebdbfca0 JavaThread "Service Thread" daemon [_thread_blocked, id=17212, stack(0x0000002c94700000,0x0000002c94800000)]
  0x0000012eebdc0560 JavaThread "Monitor Deflation Thread" daemon [_thread_blocked, id=17216, stack(0x0000002c94800000,0x0000002c94900000)]
  0x0000012eebdc0ed0 JavaThread "C1 CompilerThread0" daemon [_thread_blocked, id=17220, stack(0x0000002c94900000,0x0000002c94a00000)]
  0x0000012eebdf0fa0 JavaThread "Sweeper thread" daemon [_thread_blocked, id=17224, stack(0x0000002c94a00000,0x0000002c94b00000)]
  0x0000012eebeab2a0 JavaThread "Common-Cleaner" daemon [_thread_blocked, id=17244, stack(0x0000002c94b00000,0x0000002c94c00000)]
  0x0000012eec834f90 JavaThread "Notification Thread" daemon [_thread_blocked, id=17248, stack(0x0000002c94c00000,0x0000002c94d00000)]
  0x0000012eecd09c70 JavaThread "RMI TCP Accept-0" daemon [_thread_in_native, id=17384, stack(0x0000002c94d00000,0x0000002c94e00000)]
  0x0000012eecd1a080 JavaThread "RMI TCP Accept-64989" daemon [_thread_in_native, id=17388, stack(0x0000002c94e00000,0x0000002c94f00000)]
  0x0000012eecd0cb50 JavaThread "RMI TCP Accept-0" daemon [_thread_in_native, id=17400, stack(0x0000002c94f00000,0x0000002c95000000)]
  0x0000012eecdf5460 JavaThread "RMI TCP Connection(1)-127.0.0.1" daemon [_thread_in_native, id=9524, stack(0x0000002c95600000,0x0000002c95700000)]
  0x0000012eece57880 JavaThread "RMI Scheduler(0)" daemon [_thread_blocked, id=16400, stack(0x0000002c95700000,0x0000002c95800000)]
  0x0000012eece548b0 JavaThread "RMI TCP Connection(2)-127.0.0.1" daemon [_thread_in_native, id=5648, stack(0x0000002c95800000,0x0000002c95900000)]
  0x0000012eece78560 JavaThread "JMX server connection timeout 21" daemon [_thread_blocked, id=9020, stack(0x0000002c95900000,0x0000002c95a00000)]
  0x0000012eed12ead0 JavaThread "Thread-0" [_thread_blocked, id=15716, stack(0x0000002c95a00000,0x0000002c95b00000)]
  0x0000012eed130c80 JavaThread "restartedMain" [_thread_in_vm, id=9928, stack(0x0000002c95b00000,0x0000002c95c00000)]
=>0x0000012eed12efa0 JavaThread "background-preinit" [_thread_in_vm, id=12544, stack(0x0000002c95c00000,0x0000002c95d00000)]

Other Threads:
  0x0000012eebda53b0 VMThread "VM Thread" [stack: 0x0000002c94200000,0x0000002c94300000] [id=17192]
  0x0000012edd244840 WatcherThread [stack: 0x0000002c95000000,0x0000002c95100000] [id=17404]
  0x0000012edd26e7e0 GCTaskThread "GC Thread#0" [stack: 0x0000002c93d00000,0x0000002c93e00000] [id=17172]
  0x0000012eecda6020 GCTaskThread "GC Thread#1" [stack: 0x0000002c95100000,0x0000002c95200000] [id=15512]
  0x0000012eecdb3880 GCTaskThread "GC Thread#2" [stack: 0x0000002c95200000,0x0000002c95300000] [id=15516]
  0x0000012eecdda890 GCTaskThread "GC Thread#3" [stack: 0x0000002c95300000,0x0000002c95400000] [id=16392]
  0x0000012edd277d20 ConcurrentGCThread "G1 Main Marker" [stack: 0x0000002c93e00000,0x0000002c93f00000] [id=17176]
  0x0000012edd278640 ConcurrentGCThread "G1 Conc#0" [stack: 0x0000002c93f00000,0x0000002c94000000] [id=17180]
  0x0000012edd2b4c80 ConcurrentGCThread "G1 Refine#0" [stack: 0x0000002c94000000,0x0000002c94100000] [id=17184]
  0x0000012eecdc4550 ConcurrentGCThread "G1 Refine#1" [stack: 0x0000002c95400000,0x0000002c95500000] [id=16388]
  0x0000012eec940700 ConcurrentGCThread "G1 Refine#2" [stack: 0x0000002c95500000,0x0000002c95600000] [id=13840]
  0x0000012edd2b55b0 ConcurrentGCThread "G1 Service" [stack: 0x0000002c94100000,0x0000002c94200000] [id=17188]

Threads with active compile tasks:

VM state: not at safepoint (normal execution)

VM Mutex/Monitor currently owned by a thread:  ([mutex/lock_event])
[0x0000012edd23c8b0] Metaspace_lock - owner thread: 0x0000012eed12efa0

Heap address: 0x00000000c8600000, size: 890 MB, Compressed Oops mode: 32-bit

CDS archive(s) mapped at: [0x0000000800000000-0x0000000800bc0000-0x0000000800bc0000), size 12320768, SharedBaseAddress: 0x0000000800000000, ArchiveRelocationMode: 0.
Compressed class space mapped at: 0x0000000800c00000-0x0000000840c00000, reserved size: 1073741824
Narrow klass base: 0x0000000800000000, Narrow klass shift: 0, Narrow klass range: 0x100000000

GC Precious Log:
 CPUs: 4 total, 4 available
 Memory: 3554M
 Large Page Support: Disabled
 NUMA Support: Disabled
 Compressed Oops: Enabled (32-bit)
 Heap Region Size: 1M
 Heap Min Capacity: 8M
 Heap Initial Capacity: 56M
 Heap Max Capacity: 890M
 Pre-touch: Disabled
 Parallel Workers: 4
 Concurrent Workers: 1
 Concurrent Refinement Workers: 4
 Periodic GC: Disabled

Heap:
 garbage-first heap   total 114688K, used 45136K [0x00000000c8600000, 0x0000000100000000)
  region size 1024K, 40 young (40960K), 3 survivors (3072K)
 Metaspace       used 17672K, committed 17920K, reserved 1064960K
  class space    used 2461K, committed 2560K, reserved 1048576K

Heap Regions: E=young(eden), S=young(survivor), O=old, HS=humongous(starts), HC=humongous(continues), CS=collection set, F=free, OA=open archive, CA=closed archive, TAMS=top-at-mark-start (previous, next)
|   0|0x00000000c8600000, 0x00000000c8700000, 0x00000000c8700000|100%|HS|  |TAMS 0x00000000c8600000, 0x00000000c8600000| Complete 
|   1|0x00000000c8700000, 0x00000000c8800000, 0x00000000c8800000|100%| O|  |TAMS 0x00000000c8700000, 0x00000000c8700000| Untracked 
|   2|0x00000000c8800000, 0x00000000c8900000, 0x00000000c8900000|100%| O|  |TAMS 0x00000000c8800000, 0x00000000c8800000| Untracked 
|   3|0x00000000c8900000, 0x00000000c8a00000, 0x00000000c8a00000|100%| O|  |TAMS 0x00000000c8900000, 0x00000000c8900000| Untracked 
|   4|0x00000000c8a00000, 0x00000000c8b00000, 0x00000000c8b00000|100%| O|  |TAMS 0x00000000c8a00000, 0x00000000c8a00000| Untracked 
|   5|0x00000000c8b00000, 0x00000000c8c00000, 0x00000000c8c00000|100%| O|  |TAMS 0x00000000c8b00000, 0x00000000c8b00000| Untracked 
|   6|0x00000000c8c00000, 0x00000000c8ce2c00, 0x00000000c8d00000| 88%| O|  |TAMS 0x00000000c8c00000, 0x00000000c8c00000| Untracked 
|   7|0x00000000c8d00000, 0x00000000c8d00000, 0x00000000c8e00000|  0%| F|  |TAMS 0x00000000c8d00000, 0x00000000c8d00000| Untracked 
|   8|0x00000000c8e00000, 0x00000000c8e00000, 0x00000000c8f00000|  0%| F|  |TAMS 0x00000000c8e00000, 0x00000000c8e00000| Untracked 
|   9|0x00000000c8f00000, 0x00000000c8f00000, 0x00000000c9000000|  0%| F|  |TAMS 0x00000000c8f00000, 0x00000000c8f00000| Untracked 
|  10|0x00000000c9000000, 0x00000000c9000000, 0x00000000c9100000|  0%| F|  |TAMS 0x00000000c9000000, 0x00000000c9000000| Untracked 
|  11|0x00000000c9100000, 0x00000000c9100000, 0x00000000c9200000|  0%| F|  |TAMS 0x00000000c9100000, 0x00000000c9100000| Untracked 
|  12|0x00000000c9200000, 0x00000000c9200000, 0x00000000c9300000|  0%| F|  |TAMS 0x00000000c9200000, 0x00000000c9200000| Untracked 
|  13|0x00000000c9300000, 0x00000000c9300000, 0x00000000c9400000|  0%| F|  |TAMS 0x00000000c9300000, 0x00000000c9300000| Untracked 
|  14|0x00000000c9400000, 0x00000000c9400000, 0x00000000c9500000|  0%| F|  |TAMS 0x00000000c9400000, 0x00000000c9400000| Untracked 
|  15|0x00000000c9500000, 0x00000000c9500000, 0x00000000c9600000|  0%| F|  |TAMS 0x00000000c9500000, 0x00000000c9500000| Untracked 
|  16|0x00000000c9600000, 0x00000000c9600000, 0x00000000c9700000|  0%| F|  |TAMS 0x00000000c9600000, 0x00000000c9600000| Untracked 
|  17|0x00000000c9700000, 0x00000000c9700000, 0x00000000c9800000|  0%| F|  |TAMS 0x00000000c9700000, 0x00000000c9700000| Untracked 
|  18|0x00000000c9800000, 0x00000000c9800000, 0x00000000c9900000|  0%| F|  |TAMS 0x00000000c9800000, 0x00000000c9800000| Untracked 
|  19|0x00000000c9900000, 0x00000000c9900000, 0x00000000c9a00000|  0%| F|  |TAMS 0x00000000c9900000, 0x00000000c9900000| Untracked 
|  20|0x00000000c9a00000, 0x00000000c9a31410, 0x00000000c9b00000| 19%| S|CS|TAMS 0x00000000c9a00000, 0x00000000c9a00000| Complete 
|  21|0x00000000c9b00000, 0x00000000c9c00000, 0x00000000c9c00000|100%| S|CS|TAMS 0x00000000c9b00000, 0x00000000c9b00000| Complete 
|  22|0x00000000c9c00000, 0x00000000c9d00000, 0x00000000c9d00000|100%| S|CS|TAMS 0x00000000c9c00000, 0x00000000c9c00000| Complete 
|  23|0x00000000c9d00000, 0x00000000c9d00000, 0x00000000c9e00000|  0%| F|  |TAMS 0x00000000c9d00000, 0x00000000c9d00000| Untracked 
|  24|0x00000000c9e00000, 0x00000000c9e00000, 0x00000000c9f00000|  0%| F|  |TAMS 0x00000000c9e00000, 0x00000000c9e00000| Untracked 
|  25|0x00000000c9f00000, 0x00000000c9f00000, 0x00000000ca000000|  0%| F|  |TAMS 0x00000000c9f00000, 0x00000000c9f00000| Untracked 
|  26|0x00000000ca000000, 0x00000000ca000000, 0x00000000ca100000|  0%| F|  |TAMS 0x00000000ca000000, 0x00000000ca000000| Untracked 
|  27|0x00000000ca100000, 0x00000000ca100000, 0x00000000ca200000|  0%| F|  |TAMS 0x00000000ca100000, 0x00000000ca100000| Untracked 
|  28|0x00000000ca200000, 0x00000000ca200000, 0x00000000ca300000|  0%| F|  |TAMS 0x00000000ca200000, 0x00000000ca200000| Untracked 
|  29|0x00000000ca300000, 0x00000000ca300000, 0x00000000ca400000|  0%| F|  |TAMS 0x00000000ca300000, 0x00000000ca300000| Untracked 
|  30|0x00000000ca400000, 0x00000000ca400000, 0x00000000ca500000|  0%| F|  |TAMS 0x00000000ca400000, 0x00000000ca400000| Untracked 
|  31|0x00000000ca500000, 0x00000000ca500000, 0x00000000ca600000|  0%| F|  |TAMS 0x00000000ca500000, 0x00000000ca500000| Untracked 
|  32|0x00000000ca600000, 0x00000000ca600000, 0x00000000ca700000|  0%| F|  |TAMS 0x00000000ca600000, 0x00000000ca600000| Untracked 
|  33|0x00000000ca700000, 0x00000000ca700000, 0x00000000ca800000|  0%| F|  |TAMS 0x00000000ca700000, 0x00000000ca700000| Untracked 
|  34|0x00000000ca800000, 0x00000000ca800000, 0x00000000ca900000|  0%| F|  |TAMS 0x00000000ca800000, 0x00000000ca800000| Untracked 
|  35|0x00000000ca900000, 0x00000000ca900000, 0x00000000caa00000|  0%| F|  |TAMS 0x00000000ca900000, 0x00000000ca900000| Untracked 
|  36|0x00000000caa00000, 0x00000000caa00000, 0x00000000cab00000|  0%| F|  |TAMS 0x00000000caa00000, 0x00000000caa00000| Untracked 
|  37|0x00000000cab00000, 0x00000000cab00000, 0x00000000cac00000|  0%| F|  |TAMS 0x00000000cab00000, 0x00000000cab00000| Untracked 
|  38|0x00000000cac00000, 0x00000000cac00000, 0x00000000cad00000|  0%| F|  |TAMS 0x00000000cac00000, 0x00000000cac00000| Untracked 
|  39|0x00000000cad00000, 0x00000000cad00000, 0x00000000cae00000|  0%| F|  |TAMS 0x00000000cad00000, 0x00000000cad00000| Untracked 
|  40|0x00000000cae00000, 0x00000000cae00000, 0x00000000caf00000|  0%| F|  |TAMS 0x00000000cae00000, 0x00000000cae00000| Untracked 
|  41|0x00000000caf00000, 0x00000000caf00000, 0x00000000cb000000|  0%| F|  |TAMS 0x00000000caf00000, 0x00000000caf00000| Untracked 
|  42|0x00000000cb000000, 0x00000000cb000000, 0x00000000cb100000|  0%| F|  |TAMS 0x00000000cb000000, 0x00000000cb000000| Untracked 
|  43|0x00000000cb100000, 0x00000000cb100000, 0x00000000cb200000|  0%| F|  |TAMS 0x00000000cb100000, 0x00000000cb100000| Untracked 
|  44|0x00000000cb200000, 0x00000000cb200000, 0x00000000cb300000|  0%| F|  |TAMS 0x00000000cb200000, 0x00000000cb200000| Untracked 
|  45|0x00000000cb300000, 0x00000000cb300000, 0x00000000cb400000|  0%| F|  |TAMS 0x00000000cb300000, 0x00000000cb300000| Untracked 
|  46|0x00000000cb400000, 0x00000000cb400000, 0x00000000cb500000|  0%| F|  |TAMS 0x00000000cb400000, 0x00000000cb400000| Untracked 
|  47|0x00000000cb500000, 0x00000000cb500000, 0x00000000cb600000|  0%| F|  |TAMS 0x00000000cb500000, 0x00000000cb500000| Untracked 
|  48|0x00000000cb600000, 0x00000000cb600000, 0x00000000cb700000|  0%| F|  |TAMS 0x00000000cb600000, 0x00000000cb600000| Untracked 
|  49|0x00000000cb700000, 0x00000000cb700000, 0x00000000cb800000|  0%| F|  |TAMS 0x00000000cb700000, 0x00000000cb700000| Untracked 
|  50|0x00000000cb800000, 0x00000000cb800000, 0x00000000cb900000|  0%| F|  |TAMS 0x00000000cb800000, 0x00000000cb800000| Untracked 
|  51|0x00000000cb900000, 0x00000000cb900000, 0x00000000cba00000|  0%| F|  |TAMS 0x00000000cb900000, 0x00000000cb900000| Untracked 
|  52|0x00000000cba00000, 0x00000000cba00000, 0x00000000cbb00000|  0%| F|  |TAMS 0x00000000cba00000, 0x00000000cba00000| Untracked 
|  53|0x00000000cbb00000, 0x00000000cbb00000, 0x00000000cbc00000|  0%| F|  |TAMS 0x00000000cbb00000, 0x00000000cbb00000| Untracked 
|  54|0x00000000cbc00000, 0x00000000cbc00000, 0x00000000cbd00000|  0%| F|  |TAMS 0x00000000cbc00000, 0x00000000cbc00000| Untracked 
|  55|0x00000000cbd00000, 0x00000000cbd00000, 0x00000000cbe00000|  0%| F|  |TAMS 0x00000000cbd00000, 0x00000000cbd00000| Untracked 
|  56|0x00000000cbe00000, 0x00000000cbe00000, 0x00000000cbf00000|  0%| F|  |TAMS 0x00000000cbe00000, 0x00000000cbe00000| Untracked 
|  57|0x00000000cbf00000, 0x00000000cbf00000, 0x00000000cc000000|  0%| F|  |TAMS 0x00000000cbf00000, 0x00000000cbf00000| Untracked 
|  58|0x00000000cc000000, 0x00000000cc000000, 0x00000000cc100000|  0%| F|  |TAMS 0x00000000cc000000, 0x00000000cc000000| Untracked 
|  59|0x00000000cc100000, 0x00000000cc100000, 0x00000000cc200000|  0%| F|  |TAMS 0x00000000cc100000, 0x00000000cc100000| Untracked 
|  60|0x00000000cc200000, 0x00000000cc200000, 0x00000000cc300000|  0%| F|  |TAMS 0x00000000cc200000, 0x00000000cc200000| Untracked 
|  61|0x00000000cc300000, 0x00000000cc300000, 0x00000000cc400000|  0%| F|  |TAMS 0x00000000cc300000, 0x00000000cc300000| Untracked 
|  62|0x00000000cc400000, 0x00000000cc400000, 0x00000000cc500000|  0%| F|  |TAMS 0x00000000cc400000, 0x00000000cc400000| Untracked 
|  63|0x00000000cc500000, 0x00000000cc500000, 0x00000000cc600000|  0%| F|  |TAMS 0x00000000cc500000, 0x00000000cc500000| Untracked 
|  64|0x00000000cc600000, 0x00000000cc600000, 0x00000000cc700000|  0%| F|  |TAMS 0x00000000cc600000, 0x00000000cc600000| Untracked 
|  65|0x00000000cc700000, 0x00000000cc700000, 0x00000000cc800000|  0%| F|  |TAMS 0x00000000cc700000, 0x00000000cc700000| Untracked 
|  66|0x00000000cc800000, 0x00000000cc800000, 0x00000000cc900000|  0%| F|  |TAMS 0x00000000cc800000, 0x00000000cc800000| Untracked 
|  67|0x00000000cc900000, 0x00000000cc900000, 0x00000000cca00000|  0%| F|  |TAMS 0x00000000cc900000, 0x00000000cc900000| Untracked 
|  68|0x00000000cca00000, 0x00000000cca00000, 0x00000000ccb00000|  0%| F|  |TAMS 0x00000000cca00000, 0x00000000cca00000| Untracked 
|  69|0x00000000ccb00000, 0x00000000ccb00000, 0x00000000ccc00000|  0%| F|  |TAMS 0x00000000ccb00000, 0x00000000ccb00000| Untracked 
|  70|0x00000000ccc00000, 0x00000000ccc00000, 0x00000000ccd00000|  0%| F|  |TAMS 0x00000000ccc00000, 0x00000000ccc00000| Untracked 
|  71|0x00000000ccd00000, 0x00000000ccd00000, 0x00000000cce00000|  0%| F|  |TAMS 0x00000000ccd00000, 0x00000000ccd00000| Untracked 
|  72|0x00000000cce00000, 0x00000000cce00000, 0x00000000ccf00000|  0%| F|  |TAMS 0x00000000cce00000, 0x00000000cce00000| Untracked 
|  73|0x00000000ccf00000, 0x00000000ccf00000, 0x00000000cd000000|  0%| F|  |TAMS 0x00000000ccf00000, 0x00000000ccf00000| Untracked 
|  74|0x00000000cd000000, 0x00000000cd000000, 0x00000000cd100000|  0%| F|  |TAMS 0x00000000cd000000, 0x00000000cd000000| Untracked 
|  75|0x00000000cd100000, 0x00000000cd1dab30, 0x00000000cd200000| 85%| E|  |TAMS 0x00000000cd100000, 0x00000000cd100000| Complete 
|  76|0x00000000cd200000, 0x00000000cd300000, 0x00000000cd300000|100%| E|CS|TAMS 0x00000000cd200000, 0x00000000cd200000| Complete 
|  77|0x00000000cd300000, 0x00000000cd400000, 0x00000000cd400000|100%| E|CS|TAMS 0x00000000cd300000, 0x00000000cd300000| Complete 
|  78|0x00000000cd400000, 0x00000000cd500000, 0x00000000cd500000|100%| E|CS|TAMS 0x00000000cd400000, 0x00000000cd400000| Complete 
|  79|0x00000000cd500000, 0x00000000cd600000, 0x00000000cd600000|100%| E|CS|TAMS 0x00000000cd500000, 0x00000000cd500000| Complete 
|  80|0x00000000cd600000, 0x00000000cd700000, 0x00000000cd700000|100%| E|  |TAMS 0x00000000cd600000, 0x00000000cd600000| Complete 
|  81|0x00000000cd700000, 0x00000000cd800000, 0x00000000cd800000|100%| E|CS|TAMS 0x00000000cd700000, 0x00000000cd700000| Complete 
|  82|0x00000000cd800000, 0x00000000cd900000, 0x00000000cd900000|100%| E|CS|TAMS 0x00000000cd800000, 0x00000000cd800000| Complete 
|  83|0x00000000cd900000, 0x00000000cda00000, 0x00000000cda00000|100%| E|CS|TAMS 0x00000000cd900000, 0x00000000cd900000| Complete 
|  84|0x00000000cda00000, 0x00000000cdb00000, 0x00000000cdb00000|100%| E|CS|TAMS 0x00000000cda00000, 0x00000000cda00000| Complete 
|  85|0x00000000cdb00000, 0x00000000cdc00000, 0x00000000cdc00000|100%| E|CS|TAMS 0x00000000cdb00000, 0x00000000cdb00000| Complete 
|  86|0x00000000cdc00000, 0x00000000cdd00000, 0x00000000cdd00000|100%| E|CS|TAMS 0x00000000cdc00000, 0x00000000cdc00000| Complete 
|  87|0x00000000cdd00000, 0x00000000cde00000, 0x00000000cde00000|100%| E|CS|TAMS 0x00000000cdd00000, 0x00000000cdd00000| Complete 
|  88|0x00000000cde00000, 0x00000000cdf00000, 0x00000000cdf00000|100%| E|CS|TAMS 0x00000000cde00000, 0x00000000cde00000| Complete 
|  89|0x00000000cdf00000, 0x00000000ce000000, 0x00000000ce000000|100%| E|CS|TAMS 0x00000000cdf00000, 0x00000000cdf00000| Complete 
|  90|0x00000000ce000000, 0x00000000ce100000, 0x00000000ce100000|100%| E|CS|TAMS 0x00000000ce000000, 0x00000000ce000000| Complete 
|  91|0x00000000ce100000, 0x00000000ce200000, 0x00000000ce200000|100%| E|CS|TAMS 0x00000000ce100000, 0x00000000ce100000| Complete 
|  92|0x00000000ce200000, 0x00000000ce300000, 0x00000000ce300000|100%| E|CS|TAMS 0x00000000ce200000, 0x00000000ce200000| Complete 
|  93|0x00000000ce300000, 0x00000000ce400000, 0x00000000ce400000|100%| E|CS|TAMS 0x00000000ce300000, 0x00000000ce300000| Complete 
|  94|0x00000000ce400000, 0x00000000ce500000, 0x00000000ce500000|100%| E|CS|TAMS 0x00000000ce400000, 0x00000000ce400000| Complete 
|  95|0x00000000ce500000, 0x00000000ce600000, 0x00000000ce600000|100%| E|CS|TAMS 0x00000000ce500000, 0x00000000ce500000| Complete 
|  96|0x00000000ce600000, 0x00000000ce700000, 0x00000000ce700000|100%| E|CS|TAMS 0x00000000ce600000, 0x00000000ce600000| Complete 
|  97|0x00000000ce700000, 0x00000000ce800000, 0x00000000ce800000|100%| E|CS|TAMS 0x00000000ce700000, 0x00000000ce700000| Complete 
|  98|0x00000000ce800000, 0x00000000ce900000, 0x00000000ce900000|100%| E|CS|TAMS 0x00000000ce800000, 0x00000000ce800000| Complete 
|  99|0x00000000ce900000, 0x00000000cea00000, 0x00000000cea00000|100%| E|CS|TAMS 0x00000000ce900000, 0x00000000ce900000| Complete 
| 100|0x00000000cea00000, 0x00000000ceb00000, 0x00000000ceb00000|100%| E|CS|TAMS 0x00000000cea00000, 0x00000000cea00000| Complete 
| 101|0x00000000ceb00000, 0x00000000cec00000, 0x00000000cec00000|100%| E|CS|TAMS 0x00000000ceb00000, 0x00000000ceb00000| Complete 
| 102|0x00000000cec00000, 0x00000000ced00000, 0x00000000ced00000|100%| E|CS|TAMS 0x00000000cec00000, 0x00000000cec00000| Complete 
| 103|0x00000000ced00000, 0x00000000cee00000, 0x00000000cee00000|100%| E|CS|TAMS 0x00000000ced00000, 0x00000000ced00000| Complete 
| 104|0x00000000cee00000, 0x00000000cef00000, 0x00000000cef00000|100%| E|CS|TAMS 0x00000000cee00000, 0x00000000cee00000| Complete 
| 105|0x00000000cef00000, 0x00000000cf000000, 0x00000000cf000000|100%| E|CS|TAMS 0x00000000cef00000, 0x00000000cef00000| Complete 
| 106|0x00000000cf000000, 0x00000000cf100000, 0x00000000cf100000|100%| E|CS|TAMS 0x00000000cf000000, 0x00000000cf000000| Complete 
| 107|0x00000000cf100000, 0x00000000cf200000, 0x00000000cf200000|100%| E|CS|TAMS 0x00000000cf100000, 0x00000000cf100000| Complete 
| 108|0x00000000cf200000, 0x00000000cf300000, 0x00000000cf300000|100%| E|CS|TAMS 0x00000000cf200000, 0x00000000cf200000| Complete 
| 109|0x00000000cf300000, 0x00000000cf400000, 0x00000000cf400000|100%| E|CS|TAMS 0x00000000cf300000, 0x00000000cf300000| Complete 
| 110|0x00000000cf400000, 0x00000000cf500000, 0x00000000cf500000|100%| E|CS|TAMS 0x00000000cf400000, 0x00000000cf400000| Complete 
| 111|0x00000000cf500000, 0x00000000cf600000, 0x00000000cf600000|100%| E|CS|TAMS 0x00000000cf500000, 0x00000000cf500000| Complete 

Card table byte_map: [0x0000012ee7a30000,0x0000012ee7bf0000] _byte_map_base: 0x0000012ee73ed000

Marking Bits (Prev, Next): (CMBitMap*) 0x0000012edd26fd10, (CMBitMap*) 0x0000012edd26fd50
 Prev Bits: [0x0000012ee7db0000, 0x0000012ee8b98000)
 Next Bits: [0x0000012ee8ba0000, 0x0000012ee9988000)

Polling page: 0x0000012edca10000

Metaspace:

Usage:
  Non-class:     14.85 MB used.
      Class:      2.40 MB used.
       Both:     17.26 MB used.

Virtual space:
  Non-class space:       16.00 MB reserved,      15.00 MB ( 94%) committed,  2 nodes.
      Class space:        1.00 GB reserved,       2.50 MB ( <1%) committed,  1 nodes.
             Both:        1.02 GB reserved,      17.50 MB (  2%) committed. 

Chunk freelists:
   Non-Class:  752.00 KB
       Class:  1.50 MB
        Both:  2.23 MB

MaxMetaspaceSize: unlimited
CompressedClassSpaceSize: 1.00 GB
Initial GC threshold: 21.00 MB
Current GC threshold: 21.00 MB
CDS: on
MetaspaceReclaimPolicy: balanced
 - commit_granule_bytes: 65536.
 - commit_granule_words: 8192.
 - virtual_space_node_default_size: 1048576.
 - enlarge_chunks_in_place: 1.
 - new_chunks_are_fully_committed: 0.
 - uncommit_free_chunks: 1.
 - use_allocation_guard: 0.
 - handle_deallocations: 1.


Internal statistics:

num_allocs_failed_limit: 0.
num_arena_births: 300.
num_arena_deaths: 0.
num_vsnodes_births: 3.
num_vsnodes_deaths: 0.
num_space_committed: 280.
num_space_uncommitted: 0.
num_chunks_returned_to_freelist: 0.
num_chunks_taken_from_freelist: 805.
num_chunk_merges: 0.
num_chunk_splits: 552.
num_chunks_enlarged: 420.
num_purges: 0.
num_inconsistent_stats: 0.

CodeCache: size=49152Kb used=4671Kb max_used=4671Kb free=44480Kb
 bounds [0x0000012ee4a30000, 0x0000012ee4ec0000, 0x0000012ee7a30000]
 total_blobs=2850 nmethods=2357 adapters=421
 compilation: disabled (not enough contiguous free space left)
              stopped_count=1, restarted_count=0
 full_count=2

Compilation events (20 events):
Event: 10.339 Thread 0x0000012eebdc0ed0 2331       1       sun.util.locale.LanguageTag::isExtlang (21 bytes)
Event: 10.340 Thread 0x0000012eebdc0ed0 nmethod 2331 0x0000012ee4ebdb10 code [0x0000012ee4ebdcc0, 0x0000012ee4ebdf18]
Event: 10.340 Thread 0x0000012eebdc0ed0 2353       1       java.util.Locale::equals (75 bytes)
Event: 10.341 Thread 0x0000012eebdc0ed0 nmethod 2353 0x0000012ee4ebe110 code [0x0000012ee4ebe2e0, 0x0000012ee4ebe618]
Event: 10.341 Thread 0x0000012eebdc0ed0 2355       1       java.util.Locale::hasExtensions (13 bytes)
Event: 10.341 Thread 0x0000012eebdc0ed0 nmethod 2355 0x0000012ee4ebe790 code [0x0000012ee4ebe920, 0x0000012ee4ebe9f8]
Event: 10.341 Thread 0x0000012eebdc0ed0 2356       1       java.util.Locale::stripExtensions (20 bytes)
Event: 10.342 Thread 0x0000012eebdc0ed0 nmethod 2356 0x0000012ee4ebea90 code [0x0000012ee4ebec40, 0x0000012ee4ebed88]
Event: 10.342 Thread 0x0000012eebdc0ed0 2354       1       sun.util.locale.BaseLocale::equals (71 bytes)
Event: 10.342 Thread 0x0000012eebdc0ed0 nmethod 2354 0x0000012ee4ebee10 code [0x0000012ee4ebefc0, 0x0000012ee4ebf1d8]
Event: 10.342 Thread 0x0000012eebdc0ed0 2325       1       sun.util.locale.ParseStatus::reset (16 bytes)
Event: 10.342 Thread 0x0000012eebdc0ed0 nmethod 2325 0x0000012ee4ebf290 code [0x0000012ee4ebf420, 0x0000012ee4ebf518]
Event: 10.342 Thread 0x0000012eebdc0ed0 2352       1       org.springframework.core.type.classreading.SimpleAnnotationMetadata::getAnnotations (5 bytes)
Event: 10.343 Thread 0x0000012eebdc0ed0 nmethod 2352 0x0000012ee4ebf590 code [0x0000012ee4ebf720, 0x0000012ee4ebf7f8]
Event: 10.348 Thread 0x0000012eebdc0ed0 2357       1       java.nio.channels.spi.AbstractInterruptibleChannel::isOpen (13 bytes)
Event: 10.349 Thread 0x0000012eebdc0ed0 nmethod 2357 0x0000012ee4ebf890 code [0x0000012ee4ebfa20, 0x0000012ee4ebfaf8]
Event: 10.364 Thread 0x0000012eebdc0ed0 2358       1       java.lang.invoke.LambdaForm$DMH/0x0000000800d04000::invokeStatic (31 bytes)
Event: 10.364 Thread 0x0000012eebdc0ed0 nmethod 2358 0x0000012ee4ebfb90 code [0x0000012ee4ebfd40, 0x0000012ee4ebfe38]
Event: 10.367 Thread 0x0000012eebdc0ed0 2359       1       org.springframework.core.annotation.TypeMappedAnnotation::getDistance (8 bytes)
Event: 10.368 Thread 0x0000012eebdc0ed0 


GC Heap History (14 events):
Event: 4.391 GC heap before
{Heap before GC invocations=0 (full 0):
 garbage-first heap   total 57344K, used 13312K [0x00000000c8600000, 0x0000000100000000)
  region size 1024K, 13 young (13312K), 0 survivors (0K)
 Metaspace       used 4398K, committed 4544K, reserved 1056768K
  class space    used 542K, committed 640K, reserved 1048576K
}
Event: 4.423 GC heap after
{Heap after GC invocations=1 (full 0):
 garbage-first heap   total 57344K, used 6903K [0x00000000c8600000, 0x0000000100000000)
  region size 1024K, 2 young (2048K), 2 survivors (2048K)
 Metaspace       used 4398K, committed 4544K, reserved 1056768K
  class space    used 542K, committed 640K, reserved 1048576K
}
Event: 5.640 GC heap before
{Heap before GC invocations=1 (full 0):
 garbage-first heap   total 57344K, used 15095K [0x00000000c8600000, 0x0000000100000000)
  region size 1024K, 10 young (10240K), 2 survivors (2048K)
 Metaspace       used 6950K, committed 7168K, reserved 1056768K
  class space    used 891K, committed 960K, reserved 1048576K
}
Event: 5.652 GC heap after
{Heap after GC invocations=2 (full 0):
 garbage-first heap   total 57344K, used 8208K [0x00000000c8600000, 0x0000000100000000)
  region size 1024K, 2 young (2048K), 2 survivors (2048K)
 Metaspace       used 6950K, committed 7168K, reserved 1056768K
  class space    used 891K, committed 960K, reserved 1048576K
}
Event: 6.019 GC heap before
{Heap before GC invocations=2 (full 0):
 garbage-first heap   total 57344K, used 24592K [0x00000000c8600000, 0x0000000100000000)
  region size 1024K, 19 young (19456K), 2 survivors (2048K)
 Metaspace       used 7579K, committed 7808K, reserved 1056768K
  class space    used 981K, committed 1088K, reserved 1048576K
}
Event: 6.028 GC heap after
{Heap after GC invocations=3 (full 0):
 garbage-first heap   total 57344K, used 8519K [0x00000000c8600000, 0x0000000100000000)
  region size 1024K, 2 young (2048K), 2 survivors (2048K)
 Metaspace       used 7579K, committed 7808K, reserved 1056768K
  class space    used 981K, committed 1088K, reserved 1048576K
}
Event: 6.073 GC heap before
{Heap before GC invocations=3 (full 0):
 garbage-first heap   total 57344K, used 35143K [0x00000000c8600000, 0x0000000100000000)
  region size 1024K, 29 young (29696K), 2 survivors (2048K)
 Metaspace       used 7579K, committed 7808K, reserved 1056768K
  class space    used 981K, committed 1088K, reserved 1048576K
}
Event: 6.080 GC heap after
{Heap after GC invocations=4 (full 0):
 garbage-first heap   total 57344K, used 8698K [0x00000000c8600000, 0x0000000100000000)
  region size 1024K, 2 young (2048K), 2 survivors (2048K)
 Metaspace       used 7579K, committed 7808K, reserved 1056768K
  class space    used 981K, committed 1088K, reserved 1048576K
}
Event: 6.137 GC heap before
{Heap before GC invocations=4 (full 0):
 garbage-first heap   total 57344K, used 39418K [0x00000000c8600000, 0x0000000100000000)
  region size 1024K, 33 young (33792K), 2 survivors (2048K)
 Metaspace       used 7579K, committed 7808K, reserved 1056768K
  class space    used 981K, committed 1088K, reserved 1048576K
}
Event: 6.143 GC heap after
{Heap after GC invocations=5 (full 0):
 garbage-first heap   total 57344K, used 8602K [0x00000000c8600000, 0x0000000100000000)
  region size 1024K, 2 young (2048K), 2 survivors (2048K)
 Metaspace       used 7579K, committed 7808K, reserved 1056768K
  class space    used 981K, committed 1088K, reserved 1048576K
}
Event: 6.183 GC heap before
{Heap before GC invocations=5 (full 0):
 garbage-first heap   total 57344K, used 39322K [0x00000000c8600000, 0x0000000100000000)
  region size 1024K, 33 young (33792K), 2 survivors (2048K)
 Metaspace       used 7579K, committed 7808K, reserved 1056768K
  class space    used 981K, committed 1088K, reserved 1048576K
}
Event: 6.189 GC heap after
{Heap after GC invocations=6 (full 0):
 garbage-first heap   total 57344K, used 8613K [0x00000000c8600000, 0x0000000100000000)
  region size 1024K, 2 young (2048K), 2 survivors (2048K)
 Metaspace       used 7579K, committed 7808K, reserved 1056768K
  class space    used 981K, committed 1088K, reserved 1048576K
}
Event: 7.707 GC heap before
{Heap before GC invocations=6 (full 0):
 garbage-first heap   total 57344K, used 39333K [0x00000000c8600000, 0x0000000100000000)
  region size 1024K, 33 young (33792K), 2 survivors (2048K)
 Metaspace       used 10074K, committed 10368K, reserved 1064960K
  class space    used 1362K, committed 1536K, reserved 1048576K
}
Event: 7.717 GC heap after
{Heap after GC invocations=7 (full 0):
 garbage-first heap   total 114688K, used 9296K [0x00000000c8600000, 0x0000000100000000)
  region size 1024K, 3 young (3072K), 3 survivors (3072K)
 Metaspace       used 10074K, committed 10368K, reserved 1064960K
  class space    used 1362K, committed 1536K, reserved 1048576K
}

Deoptimization events (8 events):
Event: 4.707 Thread 0x0000012edd242760 DEOPT PACKING pc=0x0000012ee4b8f685 sp=0x0000002c93cfe0f0
Event: 4.708 Thread 0x0000012edd242760 DEOPT UNPACKING pc=0x0000012ee4a82b43 sp=0x0000002c93cfd650 mode 3
Event: 5.600 Thread 0x0000012edd242760 DEOPT PACKING pc=0x0000012ee4bdc375 sp=0x0000002c93cfda60
Event: 5.601 Thread 0x0000012edd242760 DEOPT UNPACKING pc=0x0000012ee4a82b43 sp=0x0000002c93cfceb8 mode 3
Event: 8.803 Thread 0x0000012eed130c80 DEOPT PACKING pc=0x0000012ee4e36219 sp=0x0000002c95bfcd10
Event: 8.803 Thread 0x0000012eed130c80 DEOPT UNPACKING pc=0x0000012ee4a82b43 sp=0x0000002c95bfc1f0 mode 3
Event: 9.792 Thread 0x0000012eed130c80 DEOPT PACKING pc=0x0000012ee4e849d5 sp=0x0000002c95bfd320
Event: 9.792 Thread 0x0000012eed130c80 DEOPT UNPACKING pc=0x0000012ee4a82b43 sp=0x0000002c95bfc7c8 mode 3

Classes unloaded (0 events):
No events

Classes redefined (0 events):
No events

Internal exceptions (20 events):
Event: 7.933 Thread 0x0000012eed130c80 Exception <a 'java/lang/NoSuchMethodError'{0x00000000cf31be60}: 'void java.lang.invoke.DirectMethodHandle$Holder.invokeStatic(java.lang.Object, java.lang.Object, int)'> (0x00000000cf31be60) 
thrown [t:\workspace\open\src\hotspot\share\interpreter\linkResolver.cpp, line 766]
Event: 7.957 Thread 0x0000012eed130c80 Exception <a 'java/lang/NoSuchMethodError'{0x00000000cf332678}: 'void java.lang.invoke.DirectMethodHandle$Holder.invokeStaticInit(java.lang.Object, java.lang.Object, java.lang.Object)'> (0x00000000cf332678) 
thrown [t:\workspace\open\src\hotspot\share\interpreter\linkResolver.cpp, line 766]
Event: 7.978 Thread 0x0000012eed130c80 Exception <a 'java/lang/NoSuchMethodError'{0x00000000cf380300}: 'java.lang.Object java.lang.invoke.DirectMethodHandle$Holder.invokeStatic(java.lang.Object, java.lang.Object, long, java.lang.Object)'> (0x00000000cf380300) 
thrown [t:\workspace\open\src\hotspot\share\interpreter\linkResolver.cpp, line 766]
Event: 7.979 Thread 0x0000012eed130c80 Exception <a 'java/lang/NoSuchMethodError'{0x00000000cf383d98}: 'java.lang.Object java.lang.invoke.DirectMethodHandle$Holder.invokeStaticInit(java.lang.Object, java.lang.Object, long, java.lang.Object)'> (0x00000000cf383d98) 
thrown [t:\workspace\open\src\hotspot\share\interpreter\linkResolver.cpp, line 766]
Event: 7.982 Thread 0x0000012eed130c80 Exception <a 'java/lang/NoSuchMethodError'{0x00000000cf38a3a8}: 'java.lang.Object java.lang.invoke.DirectMethodHandle$Holder.newInvokeSpecial(java.lang.Object, java.lang.Object, long)'> (0x00000000cf38a3a8) 
thrown [t:\workspace\open\src\hotspot\share\interpreter\linkResolver.cpp, line 766]
Event: 8.027 Thread 0x0000012eed130c80 Exception <a 'java/lang/NoSuchMethodError'{0x00000000cf3f2d78}: 'void java.lang.invoke.DirectMethodHandle$Holder.invokeVirtual(java.lang.Object, java.lang.Object, java.lang.Object, java.lang.Object)'> (0x00000000cf3f2d78) 
thrown [t:\workspace\open\src\hotspot\share\interpreter\linkResolver.cpp, line 766]
Event: 8.204 Thread 0x0000012eed130c80 Exception <a 'java/lang/NoSuchMethodError'{0x00000000cf173838}: 'void java.lang.invoke.DirectMethodHandle$Holder.invokeSpecial(java.lang.Object, java.lang.Object, java.lang.Object)'> (0x00000000cf173838) 
thrown [t:\workspace\open\src\hotspot\share\interpreter\linkResolver.cpp, line 766]
Event: 8.219 Thread 0x0000012eed130c80 Exception <a 'java/lang/IncompatibleClassChangeError'{0x00000000cf1a6c90}: Found class java.lang.Object, but interface was expected> (0x00000000cf1a6c90) 
thrown [t:\workspace\open\src\hotspot\share\interpreter\linkResolver.cpp, line 833]
Event: 8.256 Thread 0x0000012eece548b0 Exception <a 'java/lang/reflect/InvocationTargetException'{0x00000000cf597130}> (0x00000000cf597130) 
thrown [t:\workspace\open\src\hotspot\share\runtime\reflection.cpp, line 1121]
Event: 8.781 Thread 0x0000012eece548b0 Exception <a 'java/lang/reflect/InvocationTargetException'{0x00000000cf59b1d0}> (0x00000000cf59b1d0) 
thrown [t:\workspace\open\src\hotspot\share\runtime\reflection.cpp, line 1121]
Event: 9.310 Thread 0x0000012eece548b0 Exception <a 'java/lang/reflect/InvocationTargetException'{0x00000000cf59f270}> (0x00000000cf59f270) 
thrown [t:\workspace\open\src\hotspot\share\runtime\reflection.cpp, line 1121]
Event: 9.432 Thread 0x0000012eed130c80 Exception <a 'sun/nio/fs/WindowsException'{0x00000000cde656e0}> (0x00000000cde656e0) 
thrown [t:\workspace\open\src\hotspot\share\prims\jni.cpp, line 516]
Event: 9.455 Thread 0x0000012eed130c80 Exception <a 'java/lang/NoSuchMethodError'{0x00000000cde66ca8}: 'int java.lang.invoke.DirectMethodHandle$Holder.invokeSpecial(java.lang.Object, java.lang.Object, java.lang.Object, java.lang.Object, java.lang.Object)'> (0x00000000cde66ca8) 
thrown [t:\workspace\open\src\hotspot\share\interpreter\linkResolver.cpp, line 766]
Event: 9.464 Thread 0x0000012eed130c80 Exception <a 'java/lang/NoSuchMethodError'{0x00000000cde6f720}: 'void java.lang.invoke.DirectMethodHandle$Holder.invokeVirtual(java.lang.Object, java.lang.Object)'> (0x00000000cde6f720) 
thrown [t:\workspace\open\src\hotspot\share\interpreter\linkResolver.cpp, line 766]
Event: 9.820 Thread 0x0000012eece548b0 Exception <a 'java/lang/reflect/InvocationTargetException'{0x00000000cf5a3310}> (0x00000000cf5a3310) 
thrown [t:\workspace\open\src\hotspot\share\runtime\reflection.cpp, line 1121]
Event: 10.329 Thread 0x0000012eece548b0 Exception <a 'java/lang/reflect/InvocationTargetException'{0x00000000cf5a73b0}> (0x00000000cf5a73b0) 
thrown [t:\workspace\open\src\hotspot\share\runtime\reflection.cpp, line 1121]
Event: 10.368 Thread 0x0000012eed12efa0 Exception <a 'java/lang/VirtualMachineError'{0x00000000cd1b1e80}: Out of space in CodeCache for adapters> (0x00000000cd1b1e80) 
thrown [t:\workspace\open\src\hotspot\share\oops\method.cpp, line 1238]
Event: 10.368 Thread 0x0000012eed12efa0 Exception <a 'java/lang/VirtualMachineError'{0x00000000cd1b1e80}> (0x00000000cd1b1e80) 
thrown [t:\workspace\open\src\hotspot\share\oops\instanceKlass.cpp, line 1163]
Event: 10.368 Thread 0x0000012eed12efa0 Exception <a 'java/lang/VirtualMachineError'{0x00000000cd1b1e80}> (0x00000000cd1b1e80) 
thrown [t:\workspace\open\src\hotspot\share\oops\instanceKlass.cpp, line 1163]
Event: 10.369 Thread 0x0000012eed12efa0 Exception <a 'java/lang/NoClassDefFoundError'{0x00000000cd1b4610}: Could not initialize class com.fasterxml.jackson.databind.ObjectMapper> (0x00000000cd1b4610) 
thrown [t:\workspace\open\src\hotspot\share\oops\instanceKlass.cpp, line 1076]

VM Operations (20 events):
Event: 6.183 Executing VM operation: G1CollectForAllocation
Event: 6.189 Executing VM operation: G1CollectForAllocation done
Event: 6.703 Executing VM operation: HandshakeAllThreads
Event: 6.703 Executing VM operation: HandshakeAllThreads done
Event: 7.560 Executing VM operation: HandshakeAllThreads
Event: 7.560 Executing VM operation: HandshakeAllThreads done
Event: 7.560 Executing VM operation: Cleanup
Event: 7.561 Executing VM operation: Cleanup done
Event: 7.707 Executing VM operation: G1CollectForAllocation
Event: 7.717 Executing VM operation: G1CollectForAllocation done
Event: 8.198 Executing VM operation: HandshakeAllThreads
Event: 8.198 Executing VM operation: HandshakeAllThreads done
Event: 9.117 Executing VM operation: HandshakeAllThreads
Event: 9.117 Executing VM operation: HandshakeAllThreads done
Event: 9.117 Executing VM operation: Cleanup
Event: 9.117 Executing VM operation: Cleanup done
Event: 9.337 Executing VM operation: HandshakeAllThreads
Event: 9.337 Executing VM operation: HandshakeAllThreads done
Event: 10.338 Executing VM operation: Cleanup
Event: 10.338 Executing VM operation: Cleanup done

Events (20 events):
Event: 10.151 loading class java/beans/Transient done
Event: 10.151 loading class java/beans/ConstructorProperties
Event: 10.152 loading class java/beans/ConstructorProperties done
Event: 10.161 loading class java/io/InvalidObjectException
Event: 10.162 loading class java/io/InvalidObjectException done
Event: 10.168 loading class java/util/concurrent/ConcurrentLinkedQueue
Event: 10.169 loading class java/util/concurrent/ConcurrentLinkedQueue done
Event: 10.169 loading class java/util/concurrent/ConcurrentLinkedQueue$Node
Event: 10.170 loading class java/util/concurrent/ConcurrentLinkedQueue$Node done
Event: 10.173 loading class java/util/concurrent/atomic/AtomicLongArray
Event: 10.174 loading class java/util/concurrent/atomic/AtomicLongArray done
Event: 10.174 loading class java/lang/invoke/VarHandleLongs$Array
Event: 10.177 loading class java/lang/invoke/VarHandleLongs$Array done
Event: 10.177 loading class java/util/concurrent/atomic/AtomicReferenceArray
Event: 10.180 loading class java/util/concurrent/atomic/AtomicReferenceArray done
Event: 10.351 loading class sun/text/resources/cldr/FormatData_en
Event: 10.356 loading class sun/text/resources/cldr/FormatData_en done
Event: 10.356 loading class sun/text/resources/cldr/FormatData_en_US
Event: 10.356 loading class sun/text/resources/cldr/FormatData_en_US done
Event: 10.377 loading class java/lang/ThreadLocal$SuppliedThreadLocal


Dynamic libraries:
0x00007ff75fad0000 - 0x00007ff75fade000 	C:\Program Files\Java\jdk-17\bin\javaw.exe
0x00007ffbfffb0000 - 0x00007ffc001a8000 	C:\Windows\SYSTEM32\ntdll.dll
0x00007ffbfee00000 - 0x00007ffbfeec1000 	C:\Windows\System32\KERNEL32.DLL
0x00007ffbfd6e0000 - 0x00007ffbfd9dd000 	C:\Windows\System32\KERNELBASE.dll
0x00007ffbfdb00000 - 0x00007ffbfdc00000 	C:\Windows\System32\ucrtbase.dll
0x00007ffbfa5e0000 - 0x00007ffbfa5f8000 	C:\Program Files\Java\jdk-17\bin\jli.dll
0x00007ffbfeed0000 - 0x00007ffbff06d000 	C:\Windows\System32\USER32.dll
0x00007ffbfdf40000 - 0x00007ffbfdf62000 	C:\Windows\System32\win32u.dll
0x00007ffbfff20000 - 0x00007ffbfff4b000 	C:\Windows\System32\GDI32.dll
0x00007ffbfd9e0000 - 0x00007ffbfdaf7000 	C:\Windows\System32\gdi32full.dll
0x00007ffbfdc00000 - 0x00007ffbfdc9d000 	C:\Windows\System32\msvcp_win.dll
0x00007ffbedb00000 - 0x00007ffbedd9a000 	C:\Windows\WinSxS\amd64_microsoft.windows.common-controls_6595b64144ccf1df_6.0.19041.4355_none_60b8b9eb71f62e16\COMCTL32.dll
0x00007ffbffc60000 - 0x00007ffbffcfe000 	C:\Windows\System32\msvcrt.dll
0x00007ffbf9460000 - 0x00007ffbf947a000 	C:\Program Files\Java\jdk-17\bin\VCRUNTIME140.dll
0x00007ffbff070000 - 0x00007ffbff09f000 	C:\Windows\System32\IMM32.DLL
0x00007ffbf9450000 - 0x00007ffbf945c000 	C:\Program Files\Java\jdk-17\bin\vcruntime140_1.dll
0x00007ffbd9fb0000 - 0x00007ffbda03d000 	C:\Program Files\Java\jdk-17\bin\msvcp140.dll
0x00007ffb90ad0000 - 0x00007ffb9168e000 	C:\Program Files\Java\jdk-17\bin\server\jvm.dll
0x00007ffbffa80000 - 0x00007ffbffb30000 	C:\Windows\System32\ADVAPI32.dll
0x00007ffbffe20000 - 0x00007ffbffec0000 	C:\Windows\System32\sechost.dll
0x00007ffbff140000 - 0x00007ffbff263000 	C:\Windows\System32\RPCRT4.dll
0x00007ffbfd660000 - 0x00007ffbfd687000 	C:\Windows\System32\bcrypt.dll
0x00007ffbff0a0000 - 0x00007ffbff0a8000 	C:\Windows\System32\PSAPI.DLL
0x00007ffbe8050000 - 0x00007ffbe8059000 	C:\Windows\SYSTEM32\WSOCK32.dll
0x00007ffbfe4b0000 - 0x00007ffbfe51b000 	C:\Windows\System32\WS2_32.dll
0x00007ffbf6390000 - 0x00007ffbf639a000 	C:\Windows\SYSTEM32\VERSION.dll
0x00007ffbf38a0000 - 0x00007ffbf38c7000 	C:\Windows\SYSTEM32\WINMM.dll
0x00007ffbfb4a0000 - 0x00007ffbfb4b2000 	C:\Windows\SYSTEM32\kernel.appcore.dll
0x00007ffbf9110000 - 0x00007ffbf911a000 	C:\Program Files\Java\jdk-17\bin\jimage.dll
0x00007ffbe8b00000 - 0x00007ffbe8ce4000 	C:\Windows\SYSTEM32\DBGHELP.DLL
0x00007ffbe8140000 - 0x00007ffbe8174000 	C:\Windows\SYSTEM32\dbgcore.DLL
0x00007ffbfdeb0000 - 0x00007ffbfdf32000 	C:\Windows\System32\bcryptPrimitives.dll
0x00007ffbf0e50000 - 0x00007ffbf0e75000 	C:\Program Files\Java\jdk-17\bin\java.dll
0x00007ffbd9ed0000 - 0x00007ffbd9fa6000 	C:\Program Files\Java\jdk-17\bin\svml.dll
0x00007ffbff310000 - 0x00007ffbffa7f000 	C:\Windows\System32\SHELL32.dll
0x00007ffbfb6a0000 - 0x00007ffbfbe3f000 	C:\Windows\SYSTEM32\windows.storage.dll
0x00007ffbfe9f0000 - 0x00007ffbfed43000 	C:\Windows\System32\combase.dll
0x00007ffbfcfa0000 - 0x00007ffbfcfce000 	C:\Windows\SYSTEM32\Wldp.dll
0x00007ffbfe810000 - 0x00007ffbfe8dd000 	C:\Windows\System32\OLEAUT32.dll
0x00007ffbfed50000 - 0x00007ffbfedfd000 	C:\Windows\System32\SHCORE.dll
0x00007ffbfdfe0000 - 0x00007ffbfe035000 	C:\Windows\System32\shlwapi.dll
0x00007ffbfd590000 - 0x00007ffbfd5b4000 	C:\Windows\SYSTEM32\profapi.dll
0x00007ffbf4f50000 - 0x00007ffbf4f69000 	C:\Program Files\Java\jdk-17\bin\net.dll
0x00007ffbf60e0000 - 0x00007ffbf61ed000 	C:\Windows\SYSTEM32\WINHTTP.dll
0x00007ffbfcd80000 - 0x00007ffbfcdea000 	C:\Windows\system32\mswsock.dll
0x00007ffbf1e70000 - 0x00007ffbf1e85000 	C:\Program Files\Java\jdk-17\bin\nio.dll
0x00007ffbf0bd0000 - 0x00007ffbf0be8000 	C:\Program Files\Java\jdk-17\bin\zip.dll
0x00007ffbf90c0000 - 0x00007ffbf90c9000 	C:\Program Files\Java\jdk-17\bin\management.dll
0x00007ffbf6d30000 - 0x00007ffbf6d3b000 	C:\Program Files\Java\jdk-17\bin\management_ext.dll
0x00007ffbdc950000 - 0x00007ffbdc967000 	C:\Windows\system32\napinsp.dll
0x00007ffbdc930000 - 0x00007ffbdc94b000 	C:\Windows\system32\pnrpnsp.dll
0x00007ffbdc580000 - 0x00007ffbdc595000 	C:\Windows\system32\wshbth.dll
0x00007ffbfa640000 - 0x00007ffbfa65d000 	C:\Windows\system32\NLAapi.dll
0x00007ffbfca30000 - 0x00007ffbfca6b000 	C:\Windows\SYSTEM32\IPHLPAPI.DLL
0x00007ffbfca70000 - 0x00007ffbfcb3a000 	C:\Windows\SYSTEM32\DNSAPI.dll
0x00007ffbff130000 - 0x00007ffbff138000 	C:\Windows\System32\NSI.dll
0x00007ffbdc560000 - 0x00007ffbdc572000 	C:\Windows\System32\winrnr.dll
0x0000000050580000 - 0x00000000505a6000 	C:\Program Files\Bonjour\mdnsNSP.dll
0x00007ffbf2250000 - 0x00007ffbf225a000 	C:\Windows\System32\rasadhlp.dll
0x00007ffbf2390000 - 0x00007ffbf2410000 	C:\Windows\System32\fwpuclnt.dll
0x00007ffbfcfe0000 - 0x00007ffbfcff8000 	C:\Windows\SYSTEM32\CRYPTSP.dll
0x00007ffbfc650000 - 0x00007ffbfc684000 	C:\Windows\system32\rsaenh.dll
0x00007ffbfd500000 - 0x00007ffbfd52e000 	C:\Windows\SYSTEM32\USERENV.dll
0x00007ffbfcf10000 - 0x00007ffbfcf1c000 	C:\Windows\SYSTEM32\CRYPTBASE.dll
0x00007ffbf7d10000 - 0x00007ffbf7d27000 	C:\Windows\SYSTEM32\dhcpcsvc6.DLL
0x00007ffbf7cf0000 - 0x00007ffbf7d0d000 	C:\Windows\SYSTEM32\dhcpcsvc.DLL

dbghelp: loaded successfully - version: 4.0.5 - missing functions: none
symbol engine: initialized successfully - sym options: 0x614 - pdb path: .;C:\Program Files\Java\jdk-17\bin;C:\Windows\SYSTEM32;C:\Windows\WinSxS\amd64_microsoft.windows.common-controls_6595b64144ccf1df_6.0.19041.4355_none_60b8b9eb71f62e16;C:\Program Files\Java\jdk-17\bin\server;C:\Program Files\Bonjour

VM Arguments:
jvm_args: -Dcom.sun.management.jmxremote -Dcom.sun.management.jmxremote.port=64989 -Dcom.sun.management.jmxremote.authenticate=false -Dcom.sun.management.jmxremote.ssl=false -Djava.rmi.server.hostname=localhost -Dspring.jmx.enabled=true -Dmanagement.endpoints.jmx.exposure.include=* -Dspring.application.admin.enabled=true -XX:TieredStopAtLevel=1 -Dspring.boot.project.name=CursoCancinoSecurity -Dfile.encoding=UTF-8 -XX:+ShowCodeDetailsInExceptionMessages 
java_command: pe.edu.unfv.CursoCancinoSecurityApplication --spring.output.ansi.enabled=always
java_class_path (initial): E:\Desarrollo_2023\CursoCancinoSecurity\target\classes;C:\Users\Eleazar\.m2\repository\org\springframework\boot\spring-boot-starter-thymeleaf\3.3.2\spring-boot-starter-thymeleaf-3.3.2.jar;C:\Users\Eleazar\.m2\repository\org\thymeleaf\thymeleaf-spring6\3.1.2.RELEASE\thymeleaf-spring6-3.1.2.RELEASE.jar;C:\Users\Eleazar\.m2\repository\org\thymeleaf\thymeleaf\3.1.2.RELEASE\thymeleaf-3.1.2.RELEASE.jar;C:\Users\Eleazar\.m2\repository\org\attoparser\attoparser\2.0.7.RELEASE\attoparser-2.0.7.RELEASE.jar;C:\Users\Eleazar\.m2\repository\org\unbescape\unbescape\1.1.6.RELEASE\unbescape-1.1.6.RELEASE.jar;C:\Users\Eleazar\.m2\repository\org\springframework\boot\spring-boot-starter-web\3.3.2\spring-boot-starter-web-3.3.2.jar;C:\Users\Eleazar\.m2\repository\org\springframework\boot\spring-boot-starter-json\3.3.2\spring-boot-starter-json-3.3.2.jar;C:\Users\Eleazar\.m2\repository\com\fasterxml\jackson\datatype\jackson-datatype-jdk8\2.17.2\jackson-datatype-jdk8-2.17.2.jar;C:\Users\Eleazar\.m2\repository\com\fasterxml\jackson\datatype\jackson-datatype-jsr310\2.17.2\jackson-datatype-jsr310-2.17.2.jar;C:\Users\Eleazar\.m2\repository\com\fasterxml\jackson\module\jackson-module-parameter-names\2.17.2\jackson-module-parameter-names-2.17.2.jar;C:\Users\Eleazar\.m2\repository\org\springframework\boot\spring-boot-starter-tomcat\3.3.2\spring-boot-starter-tomcat-3.3.2.jar;C:\Users\Eleazar\.m2\repository\org\apache\tomcat\embed\tomcat-embed-core\10.1.26\tomcat-embed-core-10.1.26.jar;C:\Users\Eleazar\.m2\repository\org\apache\tomcat\embed\tomcat-embed-websocket\10.1.26\tomcat-embed-websocket-10.1.26.jar;C:\Users\Eleazar\.m2\repository\org\springframework\spring-web\6.1.11\spring-web-6.1.11.jar;C:\Users\Eleazar\.m2\repository\org\springframework\spring-beans\6.1.11\spring-beans-6.1.11.jar;C:\Users\Eleazar\.m2\repository\io\micrometer\micrometer-observation\1.13.2\micrometer-observation-1.13.2.jar;C:\Users\Eleazar\.m2\repository\io\micrometer\micrometer-commons\1.13.2\mi
Launcher Type: SUN_STANDARD

[Global flags]
     intx CICompilerCount                          = 3                                         {product} {ergonomic}
     uint ConcGCThreads                            = 1                                         {product} {ergonomic}
     uint G1ConcRefinementThreads                  = 4                                         {product} {ergonomic}
   size_t G1HeapRegionSize                         = 1048576                                   {product} {ergonomic}
    uintx GCDrainStackTargetSize                   = 64                                        {product} {ergonomic}
   size_t InitialHeapSize                          = 58720256                                  {product} {ergonomic}
     bool ManagementServer                         = true                                      {product} {command line}
   size_t MarkStackSize                            = 4194304                                   {product} {ergonomic}
   size_t MaxHeapSize                              = 933232640                                 {product} {ergonomic}
   size_t MaxNewSize                               = 559939584                                 {product} {ergonomic}
   size_t MinHeapDeltaBytes                        = 1048576                                   {product} {ergonomic}
   size_t MinHeapSize                              = 8388608                                   {product} {ergonomic}
    uintx NonProfiledCodeHeapSize                  = 0                                      {pd product} {ergonomic}
     bool ProfileInterpreter                       = false                                  {pd product} {command line}
    uintx ProfiledCodeHeapSize                     = 0                                      {pd product} {ergonomic}
     bool ShowCodeDetailsInExceptionMessages       = true                                   {manageable} {command line}
   size_t SoftMaxHeapSize                          = 933232640                              {manageable} {ergonomic}
     intx TieredStopAtLevel                        = 1                                         {product} {command line}
     bool UseCompressedClassPointers               = true                           {product lp64_product} {ergonomic}
     bool UseCompressedOops                        = true                           {product lp64_product} {ergonomic}
     bool UseG1GC                                  = true                                      {product} {ergonomic}
     bool UseLargePagesIndividualAllocation        = false                                  {pd product} {ergonomic}

Logging:
Log output configuration:
 #0: stdout all=warning uptime,level,tags
 #1: stderr all=off uptime,level,tags

Environment Variables:
JAVA_HOME=C:\Program Files\Java\jdk-17
PATH=C:/sts-4.17.1.RELEASE//plugins/org.eclipse.justj.openjdk.hotspot.jre.full.win32.x86_64_17.0.5.v20221102-0933/jre/bin/server;C:/sts-4.17.1.RELEASE//plugins/org.eclipse.justj.openjdk.hotspot.jre.full.win32.x86_64_17.0.5.v20221102-0933/jre/bin;C:\ProgramData\Oracle\Java\javapath;C:\app\Eleazar\product\21c\dbhomeXE\bin;C:\Windows\system32;C:\Windows;C:\Windows\System32\Wbem;C:\Windows\System32\WindowsPowerShell\v1.0\;C:\Windows\System32\OpenSSH\;C:\Program Files\Java\jdk-17\bin;C:\apache-maven-3.8.7\bin;C:\Program Files\Docker\Docker\resources\bin;C:\Program Files\Git\cmd;C:\Program Files\nodejs\;C:\Program Files\MySQL\MySQL Shell 8.0\bin\;C:\Users\Eleazar\AppData\Local\Microsoft\WindowsApps;C:\Users\Eleazar\AppData\Local\Programs\Microsoft VS Code\bin;C:\Users\Eleazar\AppData\Roaming\npm;C:\sts-4.17.1.RELEASE;
USERNAME=Eleazar
OS=Windows_NT
PROCESSOR_IDENTIFIER=AMD64 Family 21 Model 16 Stepping 1, AuthenticAMD



---------------  S Y S T E M  ---------------

OS:
 Windows 10 , 64 bit Build 19041 (10.0.19041.4717)
OS uptime: 0 days 2:52 hours
Hyper-V role detected

CPU: total 4 (initial active 4) (4 cores per cpu, 1 threads per core) family 21 model 16 stepping 1 microcode 0x0, cx8, cmov, fxsr, mmx, 3dnowpref, sse, sse2, sse3, ssse3, sse4a, sse4.1, sse4.2, popcnt, lzcnt, tsc, tscinvbit, avx, aes, clmul, bmi1, fma, vzeroupper, clflush, hv

Memory: 4k page, system-wide physical 3554M (77M free)
TotalPageFile size 14306M (AvailPageFile size 0M)
current process WorkingSet (physical memory assigned to process): 142M, peak: 142M
current process commit charge ("private bytes"): 211M, peak: 211M

vm_info: OpenJDK 64-Bit Server VM (17+35-2724) for windows-amd64 JRE (17+35-2724), built on Aug  5 2021 23:26:02 by "mach5one" with MS VC++ 16.8 (VS2019)

END.
