#
# There is insufficient memory for the Java Runtime Environment to continue.
# Native memory allocation (mmap) failed to map 58720256 bytes for G1 virtual space
# Possible reasons:
#   The system is out of physical RAM or swap space
#   The process is running with CompressedOops enabled, and the Java Heap may be blocking the growth of the native heap
# Possible solutions:
#   Reduce memory load on the system
#   Increase physical memory or swap space
#   Check if swap backing store is full
#   Decrease Java heap size (-Xmx/-Xms)
#   Decrease number of Java threads
#   Decrease Java thread stack sizes (-Xss)
#   Set larger code cache with -XX:ReservedCodeCacheSize=
#   JVM is running with Unscaled Compressed Oops mode in which the Java heap is
#     placed in the first 4GB address space. The Java Heap base address is the
#     maximum limit for the native heap growth. Please use -XX:HeapBaseMinAddress
#     to set the Java Heap base and to place the Java Heap above 4GB virtual address.
# This output file may be truncated or incomplete.
#
#  Out of Memory Error (os_windows.cpp:3469), pid=15964, tid=10964
#
# JRE version: OpenJDK Runtime Environment (17.0+35) (build 17+35-2724)
# Java VM: OpenJDK 64-Bit Server VM (17+35-2724, mixed mode, emulated-client, sharing, tiered, compressed oops, compressed class ptrs, g1 gc, windows-amd64)
# No core dump will be written. Minidumps are not enabled by default on client versions of Windows
#

---------------  S U M M A R Y ------------

Command Line: -Dcom.sun.management.jmxremote -Dcom.sun.management.jmxremote.port=65100 -Dcom.sun.management.jmxremote.authenticate=false -Dcom.sun.management.jmxremote.ssl=false -Djava.rmi.server.hostname=localhost -Dspring.jmx.enabled=true -Dmanagement.endpoints.jmx.exposure.include=* -Dspring.application.admin.enabled=true -XX:TieredStopAtLevel=1 -Dspring.boot.project.name=CursoCancinoSecurity -Dfile.encoding=UTF-8 -XX:+ShowCodeDetailsInExceptionMessages pe.edu.unfv.CursoCancinoSecurityApplication --spring.output.ansi.enabled=always

Host: AMD A8-4500M APU with Radeon(tm) HD Graphics   , 4 cores, 3G,  Windows 10 , 64 bit Build 19041 (10.0.19041.4717)
Time: Sat Aug 31 00:45:50 2024 Hora est. Pacífico, Sudamérica elapsed time: 11.492437 seconds (0d 0h 0m 11s)

---------------  T H R E A D  ---------------

Current thread (0x000002c921397e60):  VMThread "VM Thread" [stack: 0x000000d2a1000000,0x000000d2a1100000] [id=10964]

Stack: [0x000000d2a1000000,0x000000d2a1100000]
Native frames: (J=compiled Java code, j=interpreted, Vv=VM code, C=native code)
V  [jvm.dll+0x66f8ea]
V  [jvm.dll+0x7ce224]
V  [jvm.dll+0x7cf9ce]
V  [jvm.dll+0x7d0033]
V  [jvm.dll+0x242bb5]
V  [jvm.dll+0x66c909]
V  [jvm.dll+0x6613d2]
V  [jvm.dll+0x30082b]
V  [jvm.dll+0x307db6]
V  [jvm.dll+0x357a0e]
V  [jvm.dll+0x357c3f]
V  [jvm.dll+0x2d7ae8]
V  [jvm.dll+0x2d5db4]
V  [jvm.dll+0x2d53bc]
V  [jvm.dll+0x318d1b]
V  [jvm.dll+0x7d44cb]
V  [jvm.dll+0x7d5204]
V  [jvm.dll+0x7d571c]
V  [jvm.dll+0x7d5af4]
V  [jvm.dll+0x7d5bc0]
V  [jvm.dll+0x77e7ea]
V  [jvm.dll+0x66e715]
C  [ucrtbase.dll+0x21bb2]
C  [KERNEL32.DLL+0x17374]
C  [ntdll.dll+0x4cc91]

VM_Operation (0x000000d2a0afe4f0): G1CollectForAllocation, mode: safepoint, requested by thread 0x000002c912831ff0


---------------  P R O C E S S  ---------------

Threads class SMR info:
_java_thread_list=0x000002c9225e0bf0, length=18, elements={
0x000002c912831ff0, 0x000002c9213a3680, 0x000002c9213a4540, 0x000002c9213b52b0,
0x000002c9213b5b70, 0x000002c9213b6430, 0x000002c9213b6cf0, 0x000002c9213b7660,
0x000002c9213e3fe0, 0x000002c9128f8cb0, 0x000002c922032fd0, 0x000002c92257c3b0,
0x000002c922522560, 0x000002c922586410, 0x000002c9225154f0, 0x000002c9225ba6d0,
0x000002c9225c1b60, 0x000002c9225e4e40
}

Java Threads: ( => current thread )
  0x000002c912831ff0 JavaThread "main" [_thread_blocked, id=2572, stack(0x000000d2a0a00000,0x000000d2a0b00000)]
  0x000002c9213a3680 JavaThread "Reference Handler" daemon [_thread_blocked, id=4140, stack(0x000000d2a1100000,0x000000d2a1200000)]
  0x000002c9213a4540 JavaThread "Finalizer" daemon [_thread_blocked, id=12544, stack(0x000000d2a1200000,0x000000d2a1300000)]
  0x000002c9213b52b0 JavaThread "Signal Dispatcher" daemon [_thread_blocked, id=12508, stack(0x000000d2a1300000,0x000000d2a1400000)]
  0x000002c9213b5b70 JavaThread "Attach Listener" daemon [_thread_blocked, id=15448, stack(0x000000d2a1400000,0x000000d2a1500000)]
  0x000002c9213b6430 JavaThread "Service Thread" daemon [_thread_blocked, id=5648, stack(0x000000d2a1500000,0x000000d2a1600000)]
  0x000002c9213b6cf0 JavaThread "Monitor Deflation Thread" daemon [_thread_blocked, id=16192, stack(0x000000d2a1600000,0x000000d2a1700000)]
  0x000002c9213b7660 JavaThread "C1 CompilerThread0" daemon [_thread_blocked, id=11700, stack(0x000000d2a1700000,0x000000d2a1800000)]
  0x000002c9213e3fe0 JavaThread "Sweeper thread" daemon [_thread_blocked, id=15388, stack(0x000000d2a1800000,0x000000d2a1900000)]
  0x000002c9128f8cb0 JavaThread "Common-Cleaner" daemon [_thread_blocked, id=16856, stack(0x000000d2a1900000,0x000000d2a1a00000)]
  0x000002c922032fd0 JavaThread "Notification Thread" daemon [_thread_blocked, id=12884, stack(0x000000d2a1a00000,0x000000d2a1b00000)]
  0x000002c92257c3b0 JavaThread "RMI TCP Accept-0" daemon [_thread_in_native, id=16224, stack(0x000000d2a1b00000,0x000000d2a1c00000)]
  0x000002c922522560 JavaThread "RMI TCP Accept-65100" daemon [_thread_in_native, id=4684, stack(0x000000d2a1c00000,0x000000d2a1d00000)]
  0x000002c922586410 JavaThread "RMI TCP Connection(1)-127.0.0.1" daemon [_thread_in_native, id=10120, stack(0x000000d2a1d00000,0x000000d2a1e00000)]
  0x000002c9225154f0 JavaThread "RMI Scheduler(0)" daemon [_thread_blocked, id=8004, stack(0x000000d2a1e00000,0x000000d2a1f00000)]
  0x000002c9225ba6d0 JavaThread "RMI TCP Connection(2)-127.0.0.1" daemon [_thread_in_native, id=15876, stack(0x000000d2a2200000,0x000000d2a2300000)]
  0x000002c9225c1b60 JavaThread "RMI TCP Accept-0" daemon [_thread_in_native, id=15792, stack(0x000000d2a2500000,0x000000d2a2600000)]
  0x000002c9225e4e40 JavaThread "JMX server connection timeout 21" daemon [_thread_blocked, id=14816, stack(0x000000d2a2700000,0x000000d2a2800000)]

Other Threads:
=>0x000002c921397e60 VMThread "VM Thread" [stack: 0x000000d2a1000000,0x000000d2a1100000] [id=10964]
  0x000002c912870690 WatcherThread [stack: 0x000000d2a2600000,0x000000d2a2700000] [id=16020]
  0x000002c91285f090 GCTaskThread "GC Thread#0" [stack: 0x000000d2a0b00000,0x000000d2a0c00000] [id=9480]
  0x000002c9225159c0 GCTaskThread "GC Thread#1" [stack: 0x000000d2a1f00000,0x000000d2a2000000] [id=15008]
  0x000002c9225087f0 GCTaskThread "GC Thread#2" [stack: 0x000000d2a2000000,0x000000d2a2100000] [id=16252]
  0x000002c9225b4000 GCTaskThread "GC Thread#3" [stack: 0x000000d2a2100000,0x000000d2a2200000] [id=16076]
  0x000002c9128675c0 ConcurrentGCThread "G1 Main Marker" [stack: 0x000000d2a0c00000,0x000000d2a0d00000] [id=12968]
  0x000002c912867ee0 ConcurrentGCThread "G1 Conc#0" [stack: 0x000000d2a0d00000,0x000000d2a0e00000] [id=9348]
  0x000002c9128a5ae0 ConcurrentGCThread "G1 Refine#0" [stack: 0x000000d2a0e00000,0x000000d2a0f00000] [id=13432]
  0x000002c9223ee5c0 ConcurrentGCThread "G1 Refine#1" [stack: 0x000000d2a2300000,0x000000d2a2400000] [id=9352]
  0x000002c9223ee8a0 ConcurrentGCThread "G1 Refine#2" [stack: 0x000000d2a2400000,0x000000d2a2500000] [id=6620]
  0x000002c9128a6410 ConcurrentGCThread "G1 Service" [stack: 0x000000d2a0f00000,0x000000d2a1000000] [id=7096]

Threads with active compile tasks:

VM state: at safepoint (normal execution)

VM Mutex/Monitor currently owned by a thread:  ([mutex/lock_event])
[0x000002c91282e510] Threads_lock - owner thread: 0x000002c921397e60
[0x000002c91282d430] Heap_lock - owner thread: 0x000002c912831ff0

Heap address: 0x00000000c8600000, size: 890 MB, Compressed Oops mode: 32-bit

CDS archive(s) mapped at: [0x0000000800000000-0x0000000800bc0000-0x0000000800bc0000), size 12320768, SharedBaseAddress: 0x0000000800000000, ArchiveRelocationMode: 0.
Compressed class space mapped at: 0x0000000800c00000-0x0000000840c00000, reserved size: 1073741824
Narrow klass base: 0x0000000800000000, Narrow klass shift: 0, Narrow klass range: 0x100000000

GC Precious Log:
 CPUs: 4 total, 4 available
 Memory: 3554M
 Large Page Support: Disabled
 NUMA Support: Disabled
 Compressed Oops: Enabled (32-bit)
 Heap Region Size: 1M
 Heap Min Capacity: 8M
 Heap Initial Capacity: 56M
 Heap Max Capacity: 890M
 Pre-touch: Disabled
 Parallel Workers: 4
 Concurrent Workers: 1
 Concurrent Refinement Workers: 4
 Periodic GC: Disabled

Heap:
 garbage-first heap   total 57344K, used 8672K [0x00000000c8600000, 0x0000000100000000)
  region size 1024K, 2 young (2048K), 2 survivors (2048K)
 Metaspace       used 7584K, committed 7808K, reserved 1056768K
  class space    used 986K, committed 1088K, reserved 1048576K

Heap Regions: E=young(eden), S=young(survivor), O=old, HS=humongous(starts), HC=humongous(continues), CS=collection set, F=free, OA=open archive, CA=closed archive, TAMS=top-at-mark-start (previous, next)
|   0|0x00000000c8600000, 0x00000000c8700000, 0x00000000c8700000|100%|HS|  |TAMS 0x00000000c8600000, 0x00000000c8600000| Complete 
|   1|0x00000000c8700000, 0x00000000c8800000, 0x00000000c8800000|100%| O|  |TAMS 0x00000000c8700000, 0x00000000c8700000| Untracked 
|   2|0x00000000c8800000, 0x00000000c8900000, 0x00000000c8900000|100%| O|  |TAMS 0x00000000c8800000, 0x00000000c8800000| Untracked 
|   3|0x00000000c8900000, 0x00000000c8a00000, 0x00000000c8a00000|100%| O|  |TAMS 0x00000000c8900000, 0x00000000c8900000| Untracked 
|   4|0x00000000c8a00000, 0x00000000c8b00000, 0x00000000c8b00000|100%| O|  |TAMS 0x00000000c8a00000, 0x00000000c8a00000| Untracked 
|   5|0x00000000c8b00000, 0x00000000c8c00000, 0x00000000c8c00000|100%| O|  |TAMS 0x00000000c8b00000, 0x00000000c8b00000| Untracked 
|   6|0x00000000c8c00000, 0x00000000c8cd2200, 0x00000000c8d00000| 82%| O|  |TAMS 0x00000000c8c00000, 0x00000000c8c00000| Untracked 
|   7|0x00000000c8d00000, 0x00000000c8d00000, 0x00000000c8e00000|  0%| F|  |TAMS 0x00000000c8d00000, 0x00000000c8d00000| Untracked 
|   8|0x00000000c8e00000, 0x00000000c8e00000, 0x00000000c8f00000|  0%| F|  |TAMS 0x00000000c8e00000, 0x00000000c8e00000| Untracked 
|   9|0x00000000c8f00000, 0x00000000c8f00000, 0x00000000c9000000|  0%| F|  |TAMS 0x00000000c8f00000, 0x00000000c8f00000| Untracked 
|  10|0x00000000c9000000, 0x00000000c9000000, 0x00000000c9100000|  0%| F|  |TAMS 0x00000000c9000000, 0x00000000c9000000| Untracked 
|  11|0x00000000c9100000, 0x00000000c9100000, 0x00000000c9200000|  0%| F|  |TAMS 0x00000000c9100000, 0x00000000c9100000| Untracked 
|  12|0x00000000c9200000, 0x00000000c9200000, 0x00000000c9300000|  0%| F|  |TAMS 0x00000000c9200000, 0x00000000c9200000| Untracked 
|  13|0x00000000c9300000, 0x00000000c9300000, 0x00000000c9400000|  0%| F|  |TAMS 0x00000000c9300000, 0x00000000c9300000| Untracked 
|  14|0x00000000c9400000, 0x00000000c9400000, 0x00000000c9500000|  0%| F|  |TAMS 0x00000000c9400000, 0x00000000c9400000| Untracked 
|  15|0x00000000c9500000, 0x00000000c9500000, 0x00000000c9600000|  0%| F|  |TAMS 0x00000000c9500000, 0x00000000c9500000| Untracked 
|  16|0x00000000c9600000, 0x00000000c9600000, 0x00000000c9700000|  0%| F|  |TAMS 0x00000000c9600000, 0x00000000c9600000| Untracked 
|  17|0x00000000c9700000, 0x00000000c9700000, 0x00000000c9800000|  0%| F|  |TAMS 0x00000000c9700000, 0x00000000c9700000| Untracked 
|  18|0x00000000c9800000, 0x00000000c9800000, 0x00000000c9900000|  0%| F|  |TAMS 0x00000000c9800000, 0x00000000c9800000| Untracked 
|  19|0x00000000c9900000, 0x00000000c9900000, 0x00000000c9a00000|  0%| F|  |TAMS 0x00000000c9900000, 0x00000000c9900000| Untracked 
|  20|0x00000000c9a00000, 0x00000000c9a00000, 0x00000000c9b00000|  0%| F|  |TAMS 0x00000000c9a00000, 0x00000000c9a00000| Untracked 
|  21|0x00000000c9b00000, 0x00000000c9b00000, 0x00000000c9c00000|  0%| F|  |TAMS 0x00000000c9b00000, 0x00000000c9b00000| Untracked 
|  22|0x00000000c9c00000, 0x00000000c9c00000, 0x00000000c9d00000|  0%| F|  |TAMS 0x00000000c9c00000, 0x00000000c9c00000| Untracked 
|  23|0x00000000c9d00000, 0x00000000c9da5f80, 0x00000000c9e00000| 64%| S|CS|TAMS 0x00000000c9d00000, 0x00000000c9d00000| Complete 
|  24|0x00000000c9e00000, 0x00000000c9f00000, 0x00000000c9f00000|100%| S|CS|TAMS 0x00000000c9e00000, 0x00000000c9e00000| Complete 
|  25|0x00000000c9f00000, 0x00000000c9f00000, 0x00000000ca000000|  0%| F|  |TAMS 0x00000000c9f00000, 0x00000000c9f00000| Untracked 
|  26|0x00000000ca000000, 0x00000000ca000000, 0x00000000ca100000|  0%| F|  |TAMS 0x00000000ca000000, 0x00000000ca000000| Untracked 
|  27|0x00000000ca100000, 0x00000000ca100000, 0x00000000ca200000|  0%| F|  |TAMS 0x00000000ca100000, 0x00000000ca100000| Untracked 
|  28|0x00000000ca200000, 0x00000000ca200000, 0x00000000ca300000|  0%| F|  |TAMS 0x00000000ca200000, 0x00000000ca200000| Untracked 
|  29|0x00000000ca300000, 0x00000000ca300000, 0x00000000ca400000|  0%| F|  |TAMS 0x00000000ca300000, 0x00000000ca300000| Untracked 
|  30|0x00000000ca400000, 0x00000000ca400000, 0x00000000ca500000|  0%| F|  |TAMS 0x00000000ca400000, 0x00000000ca400000| Untracked 
|  31|0x00000000ca500000, 0x00000000ca500000, 0x00000000ca600000|  0%| F|  |TAMS 0x00000000ca500000, 0x00000000ca500000| Untracked 
|  32|0x00000000ca600000, 0x00000000ca600000, 0x00000000ca700000|  0%| F|  |TAMS 0x00000000ca600000, 0x00000000ca600000| Untracked 
|  33|0x00000000ca700000, 0x00000000ca700000, 0x00000000ca800000|  0%| F|  |TAMS 0x00000000ca700000, 0x00000000ca700000| Untracked 
|  34|0x00000000ca800000, 0x00000000ca800000, 0x00000000ca900000|  0%| F|  |TAMS 0x00000000ca800000, 0x00000000ca800000| Untracked 
|  35|0x00000000ca900000, 0x00000000ca900000, 0x00000000caa00000|  0%| F|  |TAMS 0x00000000ca900000, 0x00000000ca900000| Untracked 
|  36|0x00000000caa00000, 0x00000000caa00000, 0x00000000cab00000|  0%| F|  |TAMS 0x00000000caa00000, 0x00000000caa00000| Untracked 
|  37|0x00000000cab00000, 0x00000000cab00000, 0x00000000cac00000|  0%| F|  |TAMS 0x00000000cab00000, 0x00000000cab00000| Untracked 
|  38|0x00000000cac00000, 0x00000000cac00000, 0x00000000cad00000|  0%| F|  |TAMS 0x00000000cac00000, 0x00000000cac00000| Untracked 
|  39|0x00000000cad00000, 0x00000000cad00000, 0x00000000cae00000|  0%| F|  |TAMS 0x00000000cad00000, 0x00000000cad00000| Untracked 
|  40|0x00000000cae00000, 0x00000000cae00000, 0x00000000caf00000|  0%| F|  |TAMS 0x00000000cae00000, 0x00000000cae00000| Untracked 
|  41|0x00000000caf00000, 0x00000000caf00000, 0x00000000cb000000|  0%| F|  |TAMS 0x00000000caf00000, 0x00000000caf00000| Untracked 
|  42|0x00000000cb000000, 0x00000000cb000000, 0x00000000cb100000|  0%| F|  |TAMS 0x00000000cb000000, 0x00000000cb000000| Untracked 
|  43|0x00000000cb100000, 0x00000000cb100000, 0x00000000cb200000|  0%| F|  |TAMS 0x00000000cb100000, 0x00000000cb100000| Untracked 
|  44|0x00000000cb200000, 0x00000000cb200000, 0x00000000cb300000|  0%| F|  |TAMS 0x00000000cb200000, 0x00000000cb200000| Untracked 
|  45|0x00000000cb300000, 0x00000000cb300000, 0x00000000cb400000|  0%| F|  |TAMS 0x00000000cb300000, 0x00000000cb300000| Untracked 
|  46|0x00000000cb400000, 0x00000000cb400000, 0x00000000cb500000|  0%| F|  |TAMS 0x00000000cb400000, 0x00000000cb400000| Untracked 
|  47|0x00000000cb500000, 0x00000000cb500000, 0x00000000cb600000|  0%| F|  |TAMS 0x00000000cb500000, 0x00000000cb500000| Untracked 
|  48|0x00000000cb600000, 0x00000000cb600000, 0x00000000cb700000|  0%| F|  |TAMS 0x00000000cb600000, 0x00000000cb600000| Untracked 
|  49|0x00000000cb700000, 0x00000000cb700000, 0x00000000cb800000|  0%| F|  |TAMS 0x00000000cb700000, 0x00000000cb700000| Untracked 
|  50|0x00000000cb800000, 0x00000000cb800000, 0x00000000cb900000|  0%| F|  |TAMS 0x00000000cb800000, 0x00000000cb800000| Untracked 
|  51|0x00000000cb900000, 0x00000000cb900000, 0x00000000cba00000|  0%| F|  |TAMS 0x00000000cb900000, 0x00000000cb900000| Untracked 
|  52|0x00000000cba00000, 0x00000000cba00000, 0x00000000cbb00000|  0%| F|  |TAMS 0x00000000cba00000, 0x00000000cba00000| Untracked 
|  53|0x00000000cbb00000, 0x00000000cbb00000, 0x00000000cbc00000|  0%| F|  |TAMS 0x00000000cbb00000, 0x00000000cbb00000| Untracked 
|  54|0x00000000cbc00000, 0x00000000cbc00000, 0x00000000cbd00000|  0%| F|  |TAMS 0x00000000cbc00000, 0x00000000cbc00000| Untracked 
|  55|0x00000000cbd00000, 0x00000000cbd00000, 0x00000000cbe00000|  0%| F|  |TAMS 0x00000000cbd00000, 0x00000000cbd00000| Untracked 

Card table byte_map: [0x000002c91d020000,0x000002c91d1e0000] _byte_map_base: 0x000002c91c9dd000

Marking Bits (Prev, Next): (CMBitMap*) 0x000002c91285f5b0, (CMBitMap*) 0x000002c91285f5f0
 Prev Bits: [0x000002c91d3a0000, 0x000002c91e188000)
 Next Bits: [0x000002c91e190000, 0x000002c91ef78000)

Polling page: 0x000002c9107f0000

Metaspace:

Usage:
  Non-class:      6.44 MB used.
      Class:    986.37 KB used.
       Both:      7.41 MB used.

Virtual space:
  Non-class space:        8.00 MB reserved,       6.56 MB ( 82%) committed,  1 nodes.
      Class space:        1.00 GB reserved,       1.06 MB ( <1%) committed,  1 nodes.
             Both:        1.01 GB reserved,       7.62 MB ( <1%) committed. 

Chunk freelists:
   Non-Class:  1.11 MB
       Class:  2.94 MB
        Both:  4.05 MB

MaxMetaspaceSize: unlimited
CompressedClassSpaceSize: 1.00 GB
Initial GC threshold: 21.00 MB
Current GC threshold: 21.00 MB
CDS: on
MetaspaceReclaimPolicy: balanced
 - commit_granule_bytes: 65536.
 - commit_granule_words: 8192.
 - virtual_space_node_default_size: 1048576.
 - enlarge_chunks_in_place: 1.
 - new_chunks_are_fully_committed: 0.
 - uncommit_free_chunks: 1.
 - use_allocation_guard: 0.
 - handle_deallocations: 1.


Internal statistics:

num_allocs_failed_limit: 0.
num_arena_births: 200.
num_arena_deaths: 0.
num_vsnodes_births: 2.
num_vsnodes_deaths: 0.
num_space_committed: 122.
num_space_uncommitted: 0.
num_chunks_returned_to_freelist: 0.
num_chunks_taken_from_freelist: 364.
num_chunk_merges: 0.
num_chunk_splits: 211.
num_chunks_enlarged: 107.
num_purges: 0.
num_inconsistent_stats: 0.

CodeCache: size=49152Kb used=3049Kb max_used=3049Kb free=46102Kb
 bounds [0x000002c91a020000, 0x000002c91a320000, 0x000002c91d020000]
 total_blobs=1796 nmethods=1346 adapters=379
 compilation: enabled
              stopped_count=0, restarted_count=0
 full_count=0

Compilation events (20 events):
Event: 11.315 Thread 0x000002c9213b7660 1340       1       sun.nio.fs.NativeBuffers::releaseNativeBuffer (97 bytes)
Event: 11.316 Thread 0x000002c9213b7660 nmethod 1340 0x000002c91a316410 code [0x000002c91a316660, 0x000002c91a316d98]
Event: 11.316 Thread 0x000002c9213b7660 1339       1       sun.nio.fs.NativeBuffer::release (5 bytes)
Event: 11.316 Thread 0x000002c9213b7660 nmethod 1339 0x000002c91a317190 code [0x000002c91a317320, 0x000002c91a317408]
Event: 11.316 Thread 0x000002c9213b7660 1341  s    1       jdk.internal.perf.PerfCounter::add (18 bytes)
Event: 11.317 Thread 0x000002c9213b7660 nmethod 1341 0x000002c91a317490 code [0x000002c91a317640, 0x000002c91a3178f8]
Event: 11.317 Thread 0x000002c9213b7660 1342  s    1       jdk.internal.perf.PerfCounter::get (9 bytes)
Event: 11.317 Thread 0x000002c9213b7660 nmethod 1342 0x000002c91a317a90 code [0x000002c91a317c20, 0x000002c91a317dc8]
Event: 11.317 Thread 0x000002c9213b7660 1343   !   1       java.nio.DirectLongBufferU::get (36 bytes)
Event: 11.318 Thread 0x000002c9213b7660 nmethod 1343 0x000002c91a317e90 code [0x000002c91a318060, 0x000002c91a318348]
Event: 11.318 Thread 0x000002c9213b7660 1338       1       sun.nio.fs.NativeBuffer::owner (5 bytes)
Event: 11.318 Thread 0x000002c9213b7660 nmethod 1338 0x000002c91a318610 code [0x000002c91a3187a0, 0x000002c91a318878]
Event: 11.318 Thread 0x000002c9213b7660 1344       1       java.util.HashMap::<init> (98 bytes)
Event: 11.321 Thread 0x000002c9213b7660 nmethod 1344 0x000002c91a318910 code [0x000002c91a318b60, 0x000002c91a319318]
Event: 11.350 Thread 0x000002c9213b7660 1345       1       java.lang.ref.Reference::enqueueFromPending (19 bytes)
Event: 11.350 Thread 0x000002c9213b7660 nmethod 1345 0x000002c91a319690 code [0x000002c91a319820, 0x000002c91a319928]
Event: 11.351 Thread 0x000002c9213b7660 1346   !   1       java.lang.ref.ReferenceQueue::enqueue (119 bytes)
Event: 11.351 Thread 0x000002c9213b7660 nmethod 1346 0x000002c91a319990 code [0x000002c91a319b60, 0x000002c91a319fa8]
Event: 11.351 Thread 0x000002c9213b7660 1347       1       java.lang.ref.ReferenceQueue::reallyPoll (65 bytes)
Event: 11.352 Thread 0x000002c9213b7660 nmethod 1347 0x000002c91a31a110 code [0x000002c91a31a2c0, 0x000002c91a31a5b8]

GC Heap History (11 events):
Event: 9.328 GC heap before
{Heap before GC invocations=0 (full 0):
 garbage-first heap   total 57344K, used 13312K [0x00000000c8600000, 0x0000000100000000)
  region size 1024K, 13 young (13312K), 0 survivors (0K)
 Metaspace       used 4556K, committed 4736K, reserved 1056768K
  class space    used 568K, committed 704K, reserved 1048576K
}
Event: 9.364 GC heap after
{Heap after GC invocations=1 (full 0):
 garbage-first heap   total 57344K, used 6929K [0x00000000c8600000, 0x0000000100000000)
  region size 1024K, 2 young (2048K), 2 survivors (2048K)
 Metaspace       used 4556K, committed 4736K, reserved 1056768K
  class space    used 568K, committed 704K, reserved 1048576K
}
Event: 10.785 GC heap before
{Heap before GC invocations=1 (full 0):
 garbage-first heap   total 57344K, used 14097K [0x00000000c8600000, 0x0000000100000000)
  region size 1024K, 10 young (10240K), 2 survivors (2048K)
 Metaspace       used 6886K, committed 7104K, reserved 1056768K
  class space    used 885K, committed 960K, reserved 1048576K
}
Event: 10.801 GC heap after
{Heap after GC invocations=2 (full 0):
 garbage-first heap   total 57344K, used 8102K [0x00000000c8600000, 0x0000000100000000)
  region size 1024K, 2 young (2048K), 2 survivors (2048K)
 Metaspace       used 6886K, committed 7104K, reserved 1056768K
  class space    used 885K, committed 960K, reserved 1048576K
}
Event: 11.341 GC heap before
{Heap before GC invocations=2 (full 0):
 garbage-first heap   total 57344K, used 24486K [0x00000000c8600000, 0x0000000100000000)
  region size 1024K, 19 young (19456K), 2 survivors (2048K)
 Metaspace       used 7584K, committed 7808K, reserved 1056768K
  class space    used 986K, committed 1088K, reserved 1048576K
}
Event: 11.350 GC heap after
{Heap after GC invocations=3 (full 0):
 garbage-first heap   total 57344K, used 8465K [0x00000000c8600000, 0x0000000100000000)
  region size 1024K, 2 young (2048K), 2 survivors (2048K)
 Metaspace       used 7584K, committed 7808K, reserved 1056768K
  class space    used 986K, committed 1088K, reserved 1048576K
}
Event: 11.389 GC heap before
{Heap before GC invocations=3 (full 0):
 garbage-first heap   total 57344K, used 35089K [0x00000000c8600000, 0x0000000100000000)
  region size 1024K, 29 young (29696K), 2 survivors (2048K)
 Metaspace       used 7584K, committed 7808K, reserved 1056768K
  class space    used 986K, committed 1088K, reserved 1048576K
}
Event: 11.395 GC heap after
{Heap after GC invocations=4 (full 0):
 garbage-first heap   total 57344K, used 8515K [0x00000000c8600000, 0x0000000100000000)
  region size 1024K, 2 young (2048K), 2 survivors (2048K)
 Metaspace       used 7584K, committed 7808K, reserved 1056768K
  class space    used 986K, committed 1088K, reserved 1048576K
}
Event: 11.432 GC heap before
{Heap before GC invocations=4 (full 0):
 garbage-first heap   total 57344K, used 39235K [0x00000000c8600000, 0x0000000100000000)
  region size 1024K, 33 young (33792K), 2 survivors (2048K)
 Metaspace       used 7584K, committed 7808K, reserved 1056768K
  class space    used 986K, committed 1088K, reserved 1048576K
}
Event: 11.442 GC heap after
{Heap after GC invocations=5 (full 0):
 garbage-first heap   total 57344K, used 8534K [0x00000000c8600000, 0x0000000100000000)
  region size 1024K, 2 young (2048K), 2 survivors (2048K)
 Metaspace       used 7584K, committed 7808K, reserved 1056768K
  class space    used 986K, committed 1088K, reserved 1048576K
}
Event: 11.476 GC heap before
{Heap before GC invocations=5 (full 0):
 garbage-first heap   total 57344K, used 39254K [0x00000000c8600000, 0x0000000100000000)
  region size 1024K, 33 young (33792K), 2 survivors (2048K)
 Metaspace       used 7584K, committed 7808K, reserved 1056768K
  class space    used 986K, committed 1088K, reserved 1048576K
}

Deoptimization events (4 events):
Event: 9.766 Thread 0x000002c912831ff0 DEOPT PACKING pc=0x000002c91a180905 sp=0x000000d2a0afe0f0
Event: 9.766 Thread 0x000002c912831ff0 DEOPT UNPACKING pc=0x000002c91a072b43 sp=0x000000d2a0afd650 mode 3
Event: 10.802 Thread 0x000002c912831ff0 DEOPT PACKING pc=0x000002c91a1cf2f5 sp=0x000000d2a0afda60
Event: 10.802 Thread 0x000002c912831ff0 DEOPT UNPACKING pc=0x000002c91a072b43 sp=0x000000d2a0afceb8 mode 3

Classes unloaded (0 events):
No events

Classes redefined (0 events):
No events

Internal exceptions (20 events):
Event: 9.316 Thread 0x000002c912831ff0 Exception <a 'java/lang/ClassNotFoundException'{0x00000000cb1d6b00}: jdk/internal/agent/resources/spi/agentProvider> (0x00000000cb1d6b00) 
thrown [t:\workspace\open\src\hotspot\share\classfile\systemDictionary.cpp, line 256]
Event: 9.411 Thread 0x000002c9225ba6d0 Exception <a 'java/lang/NoSuchMethodError'{0x00000000cbda10c0}: static [B.<clinit>()V> (0x00000000cbda10c0) 
thrown [t:\workspace\open\src\hotspot\share\prims\jni.cpp, line 1107]
Event: 9.521 Thread 0x000002c9225e4e40 Exception <a 'java/lang/NoSuchMethodError'{0x00000000cbc24b68}: 'java.lang.Object java.lang.invoke.Invokers$Holder.linkToTargetMethod(java.lang.Object, long, java.lang.Object)'> (0x00000000cbc24b68) 
thrown [t:\workspace\open\src\hotspot\share\interpreter\linkResolver.cpp, line 766]
Event: 9.522 Thread 0x000002c9225ba6d0 Exception <a 'java/lang/ClassNotFoundException'{0x00000000cbde90e0}: javax/management/remote/rmi/RMIConnectionImpl_Skel> (0x00000000cbde90e0) 
thrown [t:\workspace\open\src\hotspot\share\classfile\systemDictionary.cpp, line 256]
Event: 9.552 Thread 0x000002c9225ba6d0 Exception <a 'java/lang/reflect/InvocationTargetException'{0x00000000cbcaaa68}> (0x00000000cbcaaa68) 
thrown [t:\workspace\open\src\hotspot\share\runtime\reflection.cpp, line 1121]
Event: 9.568 Thread 0x000002c9225ba6d0 Exception <a 'java/lang/NoSuchMethodError'{0x00000000cbcfe2a0}: static [Ljava/lang/StackTraceElement;.<clinit>()V> (0x00000000cbcfe2a0) 
thrown [t:\workspace\open\src\hotspot\share\prims\jni.cpp, line 1107]
Event: 9.765 Thread 0x000002c912831ff0 Implicit null exception at 0x000002c91a180243 to 0x000002c91a180900
Event: 9.920 Thread 0x000002c912831ff0 Exception <a 'java/lang/ClassNotFoundException'{0x00000000cbadf010}: javax/smartcardio/CardPermission> (0x00000000cbadf010) 
thrown [t:\workspace\open\src\hotspot\share\classfile\systemDictionary.cpp, line 256]
Event: 9.940 Thread 0x000002c912831ff0 Exception <a 'java/io/FileNotFoundException'{0x00000000cbaed500}> (0x00000000cbaed500) 
thrown [t:\workspace\open\src\hotspot\share\prims\jni.cpp, line 516]
Event: 9.996 Thread 0x000002c912831ff0 Exception <a 'java/lang/NoSuchMethodError'{0x00000000cb9466a0}: 'java.lang.Object java.lang.invoke.DirectMethodHandle$Holder.invokeSpecial(java.lang.Object, java.lang.Object, java.lang.Object, long, java.lang.Object)'> (0x00000000cb9466a0) 
thrown [t:\workspace\open\src\hotspot\share\interpreter\linkResolver.cpp, line 766]
Event: 9.997 Thread 0x000002c912831ff0 Exception <a 'java/lang/NoSuchMethodError'{0x00000000cb94a270}: 'java.lang.Object java.lang.invoke.Invokers$Holder.linkToTargetMethod(java.lang.Object, long, java.lang.Object, java.lang.Object)'> (0x00000000cb94a270) 
thrown [t:\workspace\open\src\hotspot\share\interpreter\linkResolver.cpp, line 766]
Event: 10.167 Thread 0x000002c9225ba6d0 Exception <a 'java/lang/reflect/InvocationTargetException'{0x00000000cbb12980}> (0x00000000cbb12980) 
thrown [t:\workspace\open\src\hotspot\share\runtime\reflection.cpp, line 1121]
Event: 10.371 Thread 0x000002c912831ff0 Exception <a 'java/lang/NoSuchMethodError'{0x00000000cb717ec8}: 'void java.lang.invoke.DirectMethodHandle$Holder.invokeStatic(java.lang.Object, java.lang.Object, java.lang.Object, java.lang.Object)'> (0x00000000cb717ec8) 
thrown [t:\workspace\open\src\hotspot\share\interpreter\linkResolver.cpp, line 766]
Event: 10.607 Thread 0x000002c912831ff0 Exception <a 'java/lang/NoSuchMethodError'{0x00000000cb628690}: 'int java.lang.invoke.DirectMethodHandle$Holder.invokeStaticInit(java.lang.Object, java.lang.Object)'> (0x00000000cb628690) 
thrown [t:\workspace\open\src\hotspot\share\interpreter\linkResolver.cpp, line 766]
Event: 10.670 Thread 0x000002c912831ff0 Exception <a 'java/lang/NoSuchMethodError'{0x00000000cb66bdb0}: 'void java.lang.invoke.DirectMethodHandle$Holder.invokeInterface(java.lang.Object, java.lang.Object, java.lang.Object, java.lang.Object)'> (0x00000000cb66bdb0) 
thrown [t:\workspace\open\src\hotspot\share\interpreter\linkResolver.cpp, line 766]
Event: 10.724 Thread 0x000002c9225ba6d0 Exception <a 'java/lang/reflect/InvocationTargetException'{0x00000000cbb16a20}> (0x00000000cbb16a20) 
thrown [t:\workspace\open\src\hotspot\share\runtime\reflection.cpp, line 1121]
Event: 10.987 Thread 0x000002c912831ff0 Exception <a 'java/lang/NoSuchMethodError'{0x00000000cbc1e0f0}: 'java.lang.Object java.lang.invoke.DirectMethodHandle$Holder.invokeInterface(java.lang.Object, java.lang.Object)'> (0x00000000cbc1e0f0) 
thrown [t:\workspace\open\src\hotspot\share\interpreter\linkResolver.cpp, line 766]
Event: 11.040 Thread 0x000002c912831ff0 Exception <a 'java/lang/NoSuchMethodError'{0x00000000cbc68e30}: 'java.lang.Object java.lang.invoke.DirectMethodHandle$Holder.invokeSpecialIFC(java.lang.Object, java.lang.Object, java.lang.Object, java.lang.Object)'> (0x00000000cbc68e30) 
thrown [t:\workspace\open\src\hotspot\share\interpreter\linkResolver.cpp, line 766]
Event: 11.055 Thread 0x000002c912831ff0 Exception <a 'java/lang/NoSuchMethodError'{0x00000000cbc86080}: 'java.lang.Object java.lang.invoke.DirectMethodHandle$Holder.invokeInterface(java.lang.Object, java.lang.Object, java.lang.Object)'> (0x00000000cbc86080) 
thrown [t:\workspace\open\src\hotspot\share\interpreter\linkResolver.cpp, line 766]
Event: 11.234 Thread 0x000002c9225ba6d0 Exception <a 'java/lang/reflect/InvocationTargetException'{0x00000000cbba19a0}> (0x00000000cbba19a0) 
thrown [t:\workspace\open\src\hotspot\share\runtime\reflection.cpp, line 1121]

VM Operations (20 events):
Event: 8.940 Executing VM operation: HandshakeAllThreads done
Event: 9.319 Executing VM operation: G1CollectForAllocation
Event: 9.366 Executing VM operation: G1CollectForAllocation done
Event: 9.498 Executing VM operation: HandshakeAllThreads
Event: 9.514 Executing VM operation: HandshakeAllThreads done
Event: 9.736 Executing VM operation: HandshakeAllThreads
Event: 9.736 Executing VM operation: HandshakeAllThreads done
Event: 9.759 Executing VM operation: HandshakeAllThreads
Event: 9.759 Executing VM operation: HandshakeAllThreads done
Event: 10.769 Executing VM operation: Cleanup
Event: 10.769 Executing VM operation: Cleanup done
Event: 10.785 Executing VM operation: G1CollectForAllocation
Event: 10.801 Executing VM operation: G1CollectForAllocation done
Event: 11.341 Executing VM operation: G1CollectForAllocation
Event: 11.350 Executing VM operation: G1CollectForAllocation done
Event: 11.389 Executing VM operation: G1CollectForAllocation
Event: 11.395 Executing VM operation: G1CollectForAllocation done
Event: 11.432 Executing VM operation: G1CollectForAllocation
Event: 11.442 Executing VM operation: G1CollectForAllocation done
Event: 11.476 Executing VM operation: G1CollectForAllocation

Events (20 events):
Event: 10.977 loading class java/lang/StackStreamFactory$StackFrameTraverser$StackFrameBuffer
Event: 10.980 loading class java/lang/StackStreamFactory$FrameBuffer
Event: 10.983 loading class java/lang/StackStreamFactory$FrameBuffer done
Event: 10.983 loading class java/lang/StackStreamFactory$StackFrameTraverser$StackFrameBuffer done
Event: 11.027 loading class java/util/concurrent/RejectedExecutionException
Event: 11.027 loading class java/util/concurrent/RejectedExecutionException done
Event: 11.057 loading class java/util/stream/Nodes$FixedNodeBuilder
Event: 11.058 loading class java/util/stream/Nodes$ArrayNode
Event: 11.059 loading class java/util/stream/Nodes$ArrayNode done
Event: 11.059 loading class java/util/stream/Nodes$FixedNodeBuilder done
Event: 11.151 loading class java/util/concurrent/BlockingDeque
Event: 11.153 loading class java/util/concurrent/BlockingDeque done
Event: 11.190 loading class java/net/URLClassLoader
Event: 11.194 loading class java/net/URLClassLoader done
Event: 11.199 loading class java/util/concurrent/LinkedBlockingDeque
Event: 11.201 loading class java/util/concurrent/LinkedBlockingDeque done
Event: 11.223 loading class java/util/stream/ReduceOps$2
Event: 11.224 loading class java/util/stream/ReduceOps$2 done
Event: 11.224 loading class java/util/stream/ReduceOps$2ReducingSink
Event: 11.225 loading class java/util/stream/ReduceOps$2ReducingSink done


Dynamic libraries:
0x00007ff720c30000 - 0x00007ff720c3e000 	C:\Program Files\Java\jdk-17\bin\javaw.exe
0x00007ffbfffb0000 - 0x00007ffc001a8000 	C:\Windows\SYSTEM32\ntdll.dll
0x00007ffbfee00000 - 0x00007ffbfeec1000 	C:\Windows\System32\KERNEL32.DLL
0x00007ffbfd6e0000 - 0x00007ffbfd9dd000 	C:\Windows\System32\KERNELBASE.dll
0x00007ffbfdb00000 - 0x00007ffbfdc00000 	C:\Windows\System32\ucrtbase.dll
0x00007ffbfa5e0000 - 0x00007ffbfa5f8000 	C:\Program Files\Java\jdk-17\bin\jli.dll
0x00007ffbf94a0000 - 0x00007ffbf94ba000 	C:\Program Files\Java\jdk-17\bin\VCRUNTIME140.dll
0x00007ffbedb00000 - 0x00007ffbedd9a000 	C:\Windows\WinSxS\amd64_microsoft.windows.common-controls_6595b64144ccf1df_6.0.19041.4355_none_60b8b9eb71f62e16\COMCTL32.dll
0x00007ffbfeed0000 - 0x00007ffbff06d000 	C:\Windows\System32\USER32.dll
0x00007ffbfdf40000 - 0x00007ffbfdf62000 	C:\Windows\System32\win32u.dll
0x00007ffbfff20000 - 0x00007ffbfff4b000 	C:\Windows\System32\GDI32.dll
0x00007ffbfd9e0000 - 0x00007ffbfdaf7000 	C:\Windows\System32\gdi32full.dll
0x00007ffbfdc00000 - 0x00007ffbfdc9d000 	C:\Windows\System32\msvcp_win.dll
0x00007ffbffc60000 - 0x00007ffbffcfe000 	C:\Windows\System32\msvcrt.dll
0x00007ffbff070000 - 0x00007ffbff09f000 	C:\Windows\System32\IMM32.DLL
0x00007ffbf9490000 - 0x00007ffbf949c000 	C:\Program Files\Java\jdk-17\bin\vcruntime140_1.dll
0x00007ffbf05a0000 - 0x00007ffbf062d000 	C:\Program Files\Java\jdk-17\bin\msvcp140.dll
0x00007ffb90ad0000 - 0x00007ffb9168e000 	C:\Program Files\Java\jdk-17\bin\server\jvm.dll
0x00007ffbffa80000 - 0x00007ffbffb30000 	C:\Windows\System32\ADVAPI32.dll
0x00007ffbffe20000 - 0x00007ffbffec0000 	C:\Windows\System32\sechost.dll
0x00007ffbff140000 - 0x00007ffbff263000 	C:\Windows\System32\RPCRT4.dll
0x00007ffbfd660000 - 0x00007ffbfd687000 	C:\Windows\System32\bcrypt.dll
0x00007ffbff0a0000 - 0x00007ffbff0a8000 	C:\Windows\System32\PSAPI.DLL
0x00007ffbf6390000 - 0x00007ffbf639a000 	C:\Windows\SYSTEM32\VERSION.dll
0x00007ffbf38a0000 - 0x00007ffbf38c7000 	C:\Windows\SYSTEM32\WINMM.dll
0x00007ffbe8050000 - 0x00007ffbe8059000 	C:\Windows\SYSTEM32\WSOCK32.dll
0x00007ffbfe4b0000 - 0x00007ffbfe51b000 	C:\Windows\System32\WS2_32.dll
0x00007ffbfb4a0000 - 0x00007ffbfb4b2000 	C:\Windows\SYSTEM32\kernel.appcore.dll
0x00007ffbf9470000 - 0x00007ffbf947a000 	C:\Program Files\Java\jdk-17\bin\jimage.dll
0x00007ffbe8b00000 - 0x00007ffbe8ce4000 	C:\Windows\SYSTEM32\DBGHELP.DLL
0x00007ffbe8140000 - 0x00007ffbe8174000 	C:\Windows\SYSTEM32\dbgcore.DLL
0x00007ffbfdeb0000 - 0x00007ffbfdf32000 	C:\Windows\System32\bcryptPrimitives.dll
0x00007ffbf1270000 - 0x00007ffbf1295000 	C:\Program Files\Java\jdk-17\bin\java.dll
0x00007ffbf04c0000 - 0x00007ffbf0596000 	C:\Program Files\Java\jdk-17\bin\svml.dll
0x00007ffbff310000 - 0x00007ffbffa7f000 	C:\Windows\System32\SHELL32.dll
0x00007ffbfb6a0000 - 0x00007ffbfbe3f000 	C:\Windows\SYSTEM32\windows.storage.dll
0x00007ffbfe9f0000 - 0x00007ffbfed43000 	C:\Windows\System32\combase.dll
0x00007ffbfcfa0000 - 0x00007ffbfcfce000 	C:\Windows\SYSTEM32\Wldp.dll
0x00007ffbfe810000 - 0x00007ffbfe8dd000 	C:\Windows\System32\OLEAUT32.dll
0x00007ffbfed50000 - 0x00007ffbfedfd000 	C:\Windows\System32\SHCORE.dll
0x00007ffbfdfe0000 - 0x00007ffbfe035000 	C:\Windows\System32\shlwapi.dll
0x00007ffbfd590000 - 0x00007ffbfd5b4000 	C:\Windows\SYSTEM32\profapi.dll
0x00007ffbf9450000 - 0x00007ffbf9469000 	C:\Program Files\Java\jdk-17\bin\net.dll
0x00007ffbf60e0000 - 0x00007ffbf61ed000 	C:\Windows\SYSTEM32\WINHTTP.dll
0x00007ffbfcd80000 - 0x00007ffbfcdea000 	C:\Windows\system32\mswsock.dll
0x00007ffbf4f50000 - 0x00007ffbf4f65000 	C:\Program Files\Java\jdk-17\bin\nio.dll
0x00007ffbf1e70000 - 0x00007ffbf1e88000 	C:\Program Files\Java\jdk-17\bin\zip.dll
0x00007ffbf9110000 - 0x00007ffbf9119000 	C:\Program Files\Java\jdk-17\bin\management.dll
0x00007ffbf90c0000 - 0x00007ffbf90cb000 	C:\Program Files\Java\jdk-17\bin\management_ext.dll
0x00007ffbdc950000 - 0x00007ffbdc967000 	C:\Windows\system32\napinsp.dll
0x00007ffbdc930000 - 0x00007ffbdc94b000 	C:\Windows\system32\pnrpnsp.dll
0x00007ffbdc580000 - 0x00007ffbdc595000 	C:\Windows\system32\wshbth.dll
0x00007ffbfa640000 - 0x00007ffbfa65d000 	C:\Windows\system32\NLAapi.dll
0x00007ffbfca30000 - 0x00007ffbfca6b000 	C:\Windows\SYSTEM32\IPHLPAPI.DLL
0x00007ffbfca70000 - 0x00007ffbfcb3a000 	C:\Windows\SYSTEM32\DNSAPI.dll
0x00007ffbff130000 - 0x00007ffbff138000 	C:\Windows\System32\NSI.dll
0x00007ffbdc560000 - 0x00007ffbdc572000 	C:\Windows\System32\winrnr.dll
0x0000000050580000 - 0x00000000505a6000 	C:\Program Files\Bonjour\mdnsNSP.dll
0x00007ffbf2250000 - 0x00007ffbf225a000 	C:\Windows\System32\rasadhlp.dll
0x00007ffbf2390000 - 0x00007ffbf2410000 	C:\Windows\System32\fwpuclnt.dll
0x00007ffbfcfe0000 - 0x00007ffbfcff8000 	C:\Windows\SYSTEM32\CRYPTSP.dll
0x00007ffbfc650000 - 0x00007ffbfc684000 	C:\Windows\system32\rsaenh.dll
0x00007ffbfd500000 - 0x00007ffbfd52e000 	C:\Windows\SYSTEM32\USERENV.dll
0x00007ffbfcf10000 - 0x00007ffbfcf1c000 	C:\Windows\SYSTEM32\CRYPTBASE.dll
0x00007ffbf7d10000 - 0x00007ffbf7d27000 	C:\Windows\SYSTEM32\dhcpcsvc6.DLL
0x00007ffbf7cf0000 - 0x00007ffbf7d0d000 	C:\Windows\SYSTEM32\dhcpcsvc.DLL

dbghelp: loaded successfully - version: 4.0.5 - missing functions: none
symbol engine: initialized successfully - sym options: 0x614 - pdb path: .;C:\Program Files\Java\jdk-17\bin;C:\Windows\SYSTEM32;C:\Windows\WinSxS\amd64_microsoft.windows.common-controls_6595b64144ccf1df_6.0.19041.4355_none_60b8b9eb71f62e16;C:\Program Files\Java\jdk-17\bin\server;C:\Program Files\Bonjour

VM Arguments:
jvm_args: -Dcom.sun.management.jmxremote -Dcom.sun.management.jmxremote.port=65100 -Dcom.sun.management.jmxremote.authenticate=false -Dcom.sun.management.jmxremote.ssl=false -Djava.rmi.server.hostname=localhost -Dspring.jmx.enabled=true -Dmanagement.endpoints.jmx.exposure.include=* -Dspring.application.admin.enabled=true -XX:TieredStopAtLevel=1 -Dspring.boot.project.name=CursoCancinoSecurity -Dfile.encoding=UTF-8 -XX:+ShowCodeDetailsInExceptionMessages 
java_command: pe.edu.unfv.CursoCancinoSecurityApplication --spring.output.ansi.enabled=always
java_class_path (initial): E:\Desarrollo_2023\CursoCancinoSecurity\target\classes;C:\Users\Eleazar\.m2\repository\org\springframework\boot\spring-boot-starter-thymeleaf\3.3.2\spring-boot-starter-thymeleaf-3.3.2.jar;C:\Users\Eleazar\.m2\repository\org\thymeleaf\thymeleaf-spring6\3.1.2.RELEASE\thymeleaf-spring6-3.1.2.RELEASE.jar;C:\Users\Eleazar\.m2\repository\org\thymeleaf\thymeleaf\3.1.2.RELEASE\thymeleaf-3.1.2.RELEASE.jar;C:\Users\Eleazar\.m2\repository\org\attoparser\attoparser\2.0.7.RELEASE\attoparser-2.0.7.RELEASE.jar;C:\Users\Eleazar\.m2\repository\org\unbescape\unbescape\1.1.6.RELEASE\unbescape-1.1.6.RELEASE.jar;C:\Users\Eleazar\.m2\repository\org\springframework\boot\spring-boot-starter-web\3.3.2\spring-boot-starter-web-3.3.2.jar;C:\Users\Eleazar\.m2\repository\org\springframework\boot\spring-boot-starter-json\3.3.2\spring-boot-starter-json-3.3.2.jar;C:\Users\Eleazar\.m2\repository\com\fasterxml\jackson\datatype\jackson-datatype-jdk8\2.17.2\jackson-datatype-jdk8-2.17.2.jar;C:\Users\Eleazar\.m2\repository\com\fasterxml\jackson\datatype\jackson-datatype-jsr310\2.17.2\jackson-datatype-jsr310-2.17.2.jar;C:\Users\Eleazar\.m2\repository\com\fasterxml\jackson\module\jackson-module-parameter-names\2.17.2\jackson-module-parameter-names-2.17.2.jar;C:\Users\Eleazar\.m2\repository\org\springframework\boot\spring-boot-starter-tomcat\3.3.2\spring-boot-starter-tomcat-3.3.2.jar;C:\Users\Eleazar\.m2\repository\org\apache\tomcat\embed\tomcat-embed-core\10.1.26\tomcat-embed-core-10.1.26.jar;C:\Users\Eleazar\.m2\repository\org\apache\tomcat\embed\tomcat-embed-websocket\10.1.26\tomcat-embed-websocket-10.1.26.jar;C:\Users\Eleazar\.m2\repository\org\springframework\spring-web\6.1.11\spring-web-6.1.11.jar;C:\Users\Eleazar\.m2\repository\org\springframework\spring-beans\6.1.11\spring-beans-6.1.11.jar;C:\Users\Eleazar\.m2\repository\io\micrometer\micrometer-observation\1.13.2\micrometer-observation-1.13.2.jar;C:\Users\Eleazar\.m2\repository\io\micrometer\micrometer-commons\1.13.2\mi
Launcher Type: SUN_STANDARD

[Global flags]
     intx CICompilerCount                          = 3                                         {product} {ergonomic}
     uint ConcGCThreads                            = 1                                         {product} {ergonomic}
     uint G1ConcRefinementThreads                  = 4                                         {product} {ergonomic}
   size_t G1HeapRegionSize                         = 1048576                                   {product} {ergonomic}
    uintx GCDrainStackTargetSize                   = 64                                        {product} {ergonomic}
   size_t InitialHeapSize                          = 58720256                                  {product} {ergonomic}
     bool ManagementServer                         = true                                      {product} {command line}
   size_t MarkStackSize                            = 4194304                                   {product} {ergonomic}
   size_t MaxHeapSize                              = 933232640                                 {product} {ergonomic}
   size_t MaxNewSize                               = 559939584                                 {product} {ergonomic}
   size_t MinHeapDeltaBytes                        = 1048576                                   {product} {ergonomic}
   size_t MinHeapSize                              = 8388608                                   {product} {ergonomic}
    uintx NonProfiledCodeHeapSize                  = 0                                      {pd product} {ergonomic}
     bool ProfileInterpreter                       = false                                  {pd product} {command line}
    uintx ProfiledCodeHeapSize                     = 0                                      {pd product} {ergonomic}
     bool ShowCodeDetailsInExceptionMessages       = true                                   {manageable} {command line}
   size_t SoftMaxHeapSize                          = 933232640                              {manageable} {ergonomic}
     intx TieredStopAtLevel                        = 1                                         {product} {command line}
     bool UseCompressedClassPointers               = true                           {product lp64_product} {ergonomic}
     bool UseCompressedOops                        = true                           {product lp64_product} {ergonomic}
     bool UseG1GC                                  = true                                      {product} {ergonomic}
     bool UseLargePagesIndividualAllocation        = false                                  {pd product} {ergonomic}

Logging:
Log output configuration:
 #0: stdout all=warning uptime,level,tags
 #1: stderr all=off uptime,level,tags

Environment Variables:
JAVA_HOME=C:\Program Files\Java\jdk-17
PATH=C:/sts-4.17.1.RELEASE//plugins/org.eclipse.justj.openjdk.hotspot.jre.full.win32.x86_64_17.0.5.v20221102-0933/jre/bin/server;C:/sts-4.17.1.RELEASE//plugins/org.eclipse.justj.openjdk.hotspot.jre.full.win32.x86_64_17.0.5.v20221102-0933/jre/bin;C:\ProgramData\Oracle\Java\javapath;C:\app\Eleazar\product\21c\dbhomeXE\bin;C:\Windows\system32;C:\Windows;C:\Windows\System32\Wbem;C:\Windows\System32\WindowsPowerShell\v1.0\;C:\Windows\System32\OpenSSH\;C:\Program Files\Java\jdk-17\bin;C:\apache-maven-3.8.7\bin;C:\Program Files\Docker\Docker\resources\bin;C:\Program Files\Git\cmd;C:\Program Files\nodejs\;C:\Program Files\MySQL\MySQL Shell 8.0\bin\;C:\Users\Eleazar\AppData\Local\Microsoft\WindowsApps;C:\Users\Eleazar\AppData\Local\Programs\Microsoft VS Code\bin;C:\Users\Eleazar\AppData\Roaming\npm;C:\sts-4.17.1.RELEASE;
USERNAME=Eleazar
OS=Windows_NT
PROCESSOR_IDENTIFIER=AMD64 Family 21 Model 16 Stepping 1, AuthenticAMD



---------------  S Y S T E M  ---------------

OS:
 Windows 10 , 64 bit Build 19041 (10.0.19041.4717)
OS uptime: 0 days 3:00 hours
Hyper-V role detected

CPU: total 4 (initial active 4) (4 cores per cpu, 1 threads per core) family 21 model 16 stepping 1 microcode 0x0, cx8, cmov, fxsr, mmx, 3dnowpref, sse, sse2, sse3, ssse3, sse4a, sse4.1, sse4.2, popcnt, lzcnt, tsc, tscinvbit, avx, aes, clmul, bmi1, fma, vzeroupper, clflush, hv

Memory: 4k page, system-wide physical 3554M (63M free)
TotalPageFile size 14306M (AvailPageFile size 22M)
current process WorkingSet (physical memory assigned to process): 90M, peak: 90M
current process commit charge ("private bytes"): 138M, peak: 194M

vm_info: OpenJDK 64-Bit Server VM (17+35-2724) for windows-amd64 JRE (17+35-2724), built on Aug  5 2021 23:26:02 by "mach5one" with MS VC++ 16.8 (VS2019)

END.
